{"name": "Validar ABM rol base", "status": "broken", "statusDetails": {"message": "selenium.common.exceptions.TimeoutException: Message: \nStacktrace:\n\tGetHandleVerifier [0x008BB8E3+45827]\n\t(No symbol) [0x0084DCC4]\n\t(No symbol) [0x0074150F]\n\t(No symbol) [0x007820BC]\n\t(No symbol) [0x0078216B]\n\t(No symbol) [0x007BE0F2]\n\t(No symbol) [0x007A2E44]\n\t(No symbol) [0x007BC034]\n\t(No symbol) [0x007A2B96]\n\t(No symbol) [0x00776998]\n\t(No symbol) [0x0077751D]\n\tGetHandleVerifier [0x00B74513+2899763]\n\tGetHandleVerifier [0x00BC793D+3240797]\n\tGetHandleVerifier [0x009413B4+593364]\n\tGetHandleVerifier [0x009482DC+621820]\n\t(No symbol) [0x008570A4]\n\t(No symbol) [0x008537A8]\n\t(No symbol) [0x00853947]\n\t(No symbol) [0x008459FE]\n\tBaseThreadInitThunk [0x75897D59+25]\n\tRtlInitializeExceptionChain [0x76F6B79B+107]\n\tRtlClearBits [0x76F6B71F+191]", "trace": "self = <test_nuevo_rol_base.Test object at 0x000001E02FBCAE40>\n\n    @allure.title(\"Validar ABM rol base\")\n    @allure.description(\"Validar configuracion de rol base\")\n    def test_rol_base(self):\n    \n        with allure.step(\"nos dirigimos a configuraciones\"):\n            driver = self.driver\n            sleep(3)\n            home_pages = CetappPage(driver)\n            home_pages.usuario()\n            home_pages.ingresar_contraseÃ±a()\n            home_pages.iniciar()\n            abm_pages = AbmPage(driver)\n>           abm_pages.configuracion()\n\ntest\\test_nuevo_rol_base.py:39: \n_ _ _ _ _ _ _ _ _ _ _ _ _ _ _ _ _ _ _ _ _ _ _ _ _ _ _ _ _ _ _ _ _ _ _ _ _ _ _ _ _ _ _ _ _ _ _ _ _ _ _ _ _ _ _ _ _ _ _ _ _ _ _ _ _\npages\\abm_page.py:37: in configuracion\n    WebDriverWait(self.driver, 10).until(\n_ _ _ _ _ _ _ _ _ _ _ _ _ _ _ _ _ _ _ _ _ _ _ _ _ _ _ _ _ _ _ _ _ _ _ _ _ _ _ _ _ _ _ _ _ _ _ _ _ _ _ _ _ _ _ _ _ _ _ _ _ _ _ _ _\n\nself = <selenium.webdriver.support.wait.WebDriverWait (session=\"1a484e260454215d4389dbdc4f51be99\")>\nmethod = <function visibility_of_element_located.<locals>._predicate at 0x000001E02FC36E80>, message = ''\n\n    def until(self, method: Callable[[D], Union[Literal[False], T]], message: str = \"\") -> T:\n        \"\"\"Calls the method provided with the driver as an argument until the \\\n        return value does not evaluate to ``False``.\n    \n        :param method: callable(WebDriver)\n        :param message: optional message for :exc:`TimeoutException`\n        :returns: the result of the last call to `method`\n        :raises: :exc:`selenium.common.exceptions.TimeoutException` if timeout occurs\n        \"\"\"\n        screen = None\n        stacktrace = None\n    \n        end_time = time.monotonic() + self._timeout\n        while True:\n            try:\n                value = method(self._driver)\n                if value:\n                    return value\n            except self._ignored_exceptions as exc:\n                screen = getattr(exc, \"screen\", None)\n                stacktrace = getattr(exc, \"stacktrace\", None)\n            time.sleep(self._poll)\n            if time.monotonic() > end_time:\n                break\n>       raise TimeoutException(message, screen, stacktrace)\nE       selenium.common.exceptions.TimeoutException: Message: \nE       Stacktrace:\nE       \tGetHandleVerifier [0x008BB8E3+45827]\nE       \t(No symbol) [0x0084DCC4]\nE       \t(No symbol) [0x0074150F]\nE       \t(No symbol) [0x007820BC]\nE       \t(No symbol) [0x0078216B]\nE       \t(No symbol) [0x007BE0F2]\nE       \t(No symbol) [0x007A2E44]\nE       \t(No symbol) [0x007BC034]\nE       \t(No symbol) [0x007A2B96]\nE       \t(No symbol) [0x00776998]\nE       \t(No symbol) [0x0077751D]\nE       \tGetHandleVerifier [0x00B74513+2899763]\nE       \tGetHandleVerifier [0x00BC793D+3240797]\nE       \tGetHandleVerifier [0x009413B4+593364]\nE       \tGetHandleVerifier [0x009482DC+621820]\nE       \t(No symbol) [0x008570A4]\nE       \t(No symbol) [0x008537A8]\nE       \t(No symbol) [0x00853947]\nE       \t(No symbol) [0x008459FE]\nE       \tBaseThreadInitThunk [0x75897D59+25]\nE       \tRtlInitializeExceptionChain [0x76F6B79B+107]\nE       \tRtlClearBits [0x76F6B71F+191]\n\nautoTest\\Lib\\site-packages\\selenium\\webdriver\\support\\wait.py:105: TimeoutException"}, "description": "Validar configuracion de rol base", "steps": [{"name": "nos dirigimos a configuraciones", "status": "broken", "statusDetails": {"message": "selenium.common.exceptions.TimeoutException: Message: \nStacktrace:\n\tGetHandleVerifier [0x008BB8E3+45827]\n\t(No symbol) [0x0084DCC4]\n\t(No symbol) [0x0074150F]\n\t(No symbol) [0x007820BC]\n\t(No symbol) [0x0078216B]\n\t(No symbol) [0x007BE0F2]\n\t(No symbol) [0x007A2E44]\n\t(No symbol) [0x007BC034]\n\t(No symbol) [0x007A2B96]\n\t(No symbol) [0x00776998]\n\t(No symbol) [0x0077751D]\n\tGetHandleVerifier [0x00B74513+2899763]\n\tGetHandleVerifier [0x00BC793D+3240797]\n\tGetHandleVerifier [0x009413B4+593364]\n\tGetHandleVerifier [0x009482DC+621820]\n\t(No symbol) [0x008570A4]\n\t(No symbol) [0x008537A8]\n\t(No symbol) [0x00853947]\n\t(No symbol) [0x008459FE]\n\tBaseThreadInitThunk [0x75897D59+25]\n\tRtlInitializeExceptionChain [0x76F6B79B+107]\n\tRtlClearBits [0x76F6B71F+191]\n\n", "trace": "  File \"C:\\2024\\CetappGo\\test\\test_nuevo_rol_base.py\", line 39, in test_rol_base\n    abm_pages.configuracion()\n  File \"C:\\2024\\CetappGo\\autoTest\\Lib\\site-packages\\allure_commons\\_allure.py\", line 192, in impl\n    return func(*a, **kw)\n           ^^^^^^^^^^^^^^\n  File \"C:\\2024\\CetappGo\\pages\\abm_page.py\", line 37, in configuracion\n    WebDriverWait(self.driver, 10).until(\n  File \"C:\\2024\\CetappGo\\autoTest\\Lib\\site-packages\\selenium\\webdriver\\support\\wait.py\", line 105, in until\n    raise TimeoutException(message, screen, stacktrace)\n"}, "steps": [{"name": "Usuario", "status": "passed", "steps": [{"name": "verificar que se muestre el elmento", "status": "passed", "start": 1717919561584, "stop": 1717919563634}], "start": 1717919561542, "stop": 1717919563634}, {"name": "password", "status": "passed", "steps": [{"name": "verificar que se muestre el elmento", "status": "passed", "start": 1717919563657, "stop": 1717919565722}], "start": 1717919563634, "stop": 1717919565722}, {"name": "iniciar", "status": "passed", "steps": [{"name": "click en iniciar", "status": "passed", "start": 1717919565742, "stop": 1717919565770}], "start": 1717919565722, "stop": 1717919565770}, {"name": "generales3", "status": "broken", "statusDetails": {"message": "selenium.common.exceptions.TimeoutException: Message: \nStacktrace:\n\tGetHandleVerifier [0x008BB8E3+45827]\n\t(No symbol) [0x0084DCC4]\n\t(No symbol) [0x0074150F]\n\t(No symbol) [0x007820BC]\n\t(No symbol) [0x0078216B]\n\t(No symbol) [0x007BE0F2]\n\t(No symbol) [0x007A2E44]\n\t(No symbol) [0x007BC034]\n\t(No symbol) [0x007A2B96]\n\t(No symbol) [0x00776998]\n\t(No symbol) [0x0077751D]\n\tGetHandleVerifier [0x00B74513+2899763]\n\tGetHandleVerifier [0x00BC793D+3240797]\n\tGetHandleVerifier [0x009413B4+593364]\n\tGetHandleVerifier [0x009482DC+621820]\n\t(No symbol) [0x008570A4]\n\t(No symbol) [0x008537A8]\n\t(No symbol) [0x00853947]\n\t(No symbol) [0x008459FE]\n\tBaseThreadInitThunk [0x75897D59+25]\n\tRtlInitializeExceptionChain [0x76F6B79B+107]\n\tRtlClearBits [0x76F6B71F+191]\n\n", "trace": "  File \"C:\\2024\\CetappGo\\autoTest\\Lib\\site-packages\\allure_commons\\_allure.py\", line 192, in impl\n    return func(*a, **kw)\n           ^^^^^^^^^^^^^^\n  File \"C:\\2024\\CetappGo\\pages\\abm_page.py\", line 37, in configuracion\n    WebDriverWait(self.driver, 10).until(\n  File \"C:\\2024\\CetappGo\\autoTest\\Lib\\site-packages\\selenium\\webdriver\\support\\wait.py\", line 105, in until\n    raise TimeoutException(message, screen, stacktrace)\n"}, "start": 1717919565770, "stop": 1717919576019}], "start": 1717919558541, "stop": 1717919576023}], "start": 1717919558541, "stop": 1717919576025, "uuid": "f38f11e9-7deb-4679-80ba-10a3963f06a7", "historyId": "b7f32426b0a93f034d6849bfed9051e6", "testCaseId": "b7f32426b0a93f034d6849bfed9051e6", "fullName": "test.test_nuevo_rol_base.Test#test_rol_base", "labels": [{"name": "parentSuite", "value": "test"}, {"name": "suite", "value": "test_nuevo_rol_base"}, {"name": "subSuite", "value": "Test"}, {"name": "host", "value": "Familia"}, {"name": "thread", "value": "21016-MainThread"}, {"name": "framework", "value": "pytest"}, {"name": "language", "value": "cpython3"}, {"name": "package", "value": "test.test_nuevo_rol_base"}]}