{"name": "Validar ABM rol base", "status": "broken", "statusDetails": {"message": "selenium.common.exceptions.StaleElementReferenceException: Message: stale element reference: stale element not found\n  (Session info: chrome=114.0.5735.199); For documentation on this error, please visit: https://www.selenium.dev/documentation/webdriver/troubleshooting/errors#stale-element-reference-exception\nStacktrace:\nBacktrace:\n\tGetHandleVerifier [0x003EA813+48355]\n\t(No symbol) [0x0037C4B1]\n\t(No symbol) [0x00285358]\n\t(No symbol) [0x002887A1]\n\t(No symbol) [0x002899E1]\n\t(No symbol) [0x00289A80]\n\t(No symbol) [0x002B1D29]\n\t(No symbol) [0x002A9DAD]\n\t(No symbol) [0x002CA73C]\n\t(No symbol) [0x002A9A36]\n\t(No symbol) [0x002CAA94]\n\t(No symbol) [0x002DC922]\n\t(No symbol) [0x002CA536]\n\t(No symbol) [0x002A82DC]\n\t(No symbol) [0x002A93DD]\n\tGetHandleVerifier [0x0064AABD+2539405]\n\tGetHandleVerifier [0x0068A78F+2800735]\n\tGetHandleVerifier [0x0068456C+2775612]\n\tGetHandleVerifier [0x004751E0+616112]\n\t(No symbol) [0x00385F8C]\n\t(No symbol) [0x00382328]\n\t(No symbol) [0x0038240B]\n\t(No symbol) [0x00374FF7]\n\tBaseThreadInitThunk [0x76757BA9+25]\n\tRtlInitializeExceptionChain [0x77ABC10B+107]\n\tRtlClearBits [0x77ABC08F+191]", "trace": "self = <test_alta_incidente.Test object at 0x0000024B8E757530>\n\n    @allure.title(\"Validar ABM rol base\")\n    @allure.description(\"Validar configuracion de rol base\")\n    def test_rol_base(self):\n    \n        with allure.step(\"nos dirigimos a configuraciones\"):\n            driver = self.driver\n            sleep(3)\n            usuario_pages = usuariPages(driver)\n            incidentes_pagess = IncidentePage(driver)\n            usuario_pages.usuario1()\n            usuario_pages.ingresar_contraseÃ±a1()\n            usuario_pages.iniciar11()\n            sleep(3)\n            incidentes_pagess.click_incidente()\n            incidentes_pagess.Titulo()\n            sleep(3)\n            incidentes_pagess.nuevoIncidente()\n            incidentes_pagess.nuevaPlantilla()\n            sleep(2)\n            incidentes_pagess.seleccionPlantilla()\n            sleep(2)\n            incidentes_pagess.nuevaestablecimiento()\n            sleep(2)\n            incidentes_pagess.seleccionestablecimiento()\n            sleep(3)\n            incidentes_pagess.area()\n            incidentes_pagess.nuevaArea()\n            incidentes_pagess.tipoIncidente()\n>           incidentes_pagess.seleccionTipoIncidente()\n\ntest\\test_alta_incidente.py:56: \n_ _ _ _ _ _ _ _ _ _ _ _ _ _ _ _ _ _ _ _ _ _ _ _ _ _ _ _ _ _ _ _ _ _ _ _ _ _ _ _ _ _ _ _ _ _ _ _ _ _ _ _ _ _ _ _ _ _ _ _ _ _ _ _ _ _ _ _ _ _ _ _ _ _ _ _ _ _ _ _ _\npages\\incidente_pages.py:159: in seleccionTipoIncidente\n    seleccion_incidente.click()\nautoTest\\Lib\\site-packages\\selenium\\webdriver\\remote\\webelement.py:94: in click\n    self._execute(Command.CLICK_ELEMENT)\nautoTest\\Lib\\site-packages\\selenium\\webdriver\\remote\\webelement.py:395: in _execute\n    return self._parent.execute(command, params)\nautoTest\\Lib\\site-packages\\selenium\\webdriver\\remote\\webdriver.py:347: in execute\n    self.error_handler.check_response(response)\n_ _ _ _ _ _ _ _ _ _ _ _ _ _ _ _ _ _ _ _ _ _ _ _ _ _ _ _ _ _ _ _ _ _ _ _ _ _ _ _ _ _ _ _ _ _ _ _ _ _ _ _ _ _ _ _ _ _ _ _ _ _ _ _ _ _ _ _ _ _ _ _ _ _ _ _ _ _ _ _ _\n\nself = <selenium.webdriver.remote.errorhandler.ErrorHandler object at 0x0000024B8E9124E0>\nresponse = {'status': 404, 'value': '{\"value\":{\"error\":\"stale element reference\",\"message\":\"stale element reference: stale elemen...dInitThunk [0x76757BA9+25]\\\\n\\\\tRtlInitializeExceptionChain [0x77ABC10B+107]\\\\n\\\\tRtlClearBits [0x77ABC08F+191]\\\\n\"}}'}\n\n    def check_response(self, response: Dict[str, Any]) -> None:\n        \"\"\"Checks that a JSON response from the WebDriver does not have an\n        error.\n    \n        :Args:\n         - response - The JSON response from the WebDriver server as a dictionary\n           object.\n    \n        :Raises: If the response contains an error message.\n        \"\"\"\n        status = response.get(\"status\", None)\n        if not status or status == ErrorCode.SUCCESS:\n            return\n        value = None\n        message = response.get(\"message\", \"\")\n        screen: str = response.get(\"screen\", \"\")\n        stacktrace = None\n        if isinstance(status, int):\n            value_json = response.get(\"value\", None)\n            if value_json and isinstance(value_json, str):\n                import json\n    \n                try:\n                    value = json.loads(value_json)\n                    if len(value) == 1:\n                        value = value[\"value\"]\n                    status = value.get(\"error\", None)\n                    if not status:\n                        status = value.get(\"status\", ErrorCode.UNKNOWN_ERROR)\n                        message = value.get(\"value\") or value.get(\"message\")\n                        if not isinstance(message, str):\n                            value = message\n                            message = message.get(\"message\")\n                    else:\n                        message = value.get(\"message\", None)\n                except ValueError:\n                    pass\n    \n        exception_class: Type[WebDriverException]\n        e = ErrorCode()\n        error_codes = [item for item in dir(e) if not item.startswith(\"__\")]\n        for error_code in error_codes:\n            error_info = getattr(ErrorCode, error_code)\n            if isinstance(error_info, list) and status in error_info:\n                exception_class = getattr(ExceptionMapping, error_code, WebDriverException)\n                break\n        else:\n            exception_class = WebDriverException\n    \n        if not value:\n            value = response[\"value\"]\n        if isinstance(value, str):\n            raise exception_class(value)\n        if message == \"\" and \"message\" in value:\n            message = value[\"message\"]\n    \n        screen = None  # type: ignore[assignment]\n        if \"screen\" in value:\n            screen = value[\"screen\"]\n    \n        stacktrace = None\n        st_value = value.get(\"stackTrace\") or value.get(\"stacktrace\")\n        if st_value:\n            if isinstance(st_value, str):\n                stacktrace = st_value.split(\"\\n\")\n            else:\n                stacktrace = []\n                try:\n                    for frame in st_value:\n                        line = frame.get(\"lineNumber\", \"\")\n                        file = frame.get(\"fileName\", \"<anonymous>\")\n                        if line:\n                            file = f\"{file}:{line}\"\n                        meth = frame.get(\"methodName\", \"<anonymous>\")\n                        if \"className\" in frame:\n                            meth = f\"{frame['className']}.{meth}\"\n                        msg = \"    at %s (%s)\"\n                        msg = msg % (meth, file)\n                        stacktrace.append(msg)\n                except TypeError:\n                    pass\n        if exception_class == UnexpectedAlertPresentException:\n            alert_text = None\n            if \"data\" in value:\n                alert_text = value[\"data\"].get(\"text\")\n            elif \"alert\" in value:\n                alert_text = value[\"alert\"].get(\"text\")\n            raise exception_class(message, screen, stacktrace, alert_text)  # type: ignore[call-arg]  # mypy is not smart enough here\n>       raise exception_class(message, screen, stacktrace)\nE       selenium.common.exceptions.StaleElementReferenceException: Message: stale element reference: stale element not found\nE         (Session info: chrome=114.0.5735.199); For documentation on this error, please visit: https://www.selenium.dev/documentation/webdriver/troubleshooting/errors#stale-element-reference-exception\nE       Stacktrace:\nE       Backtrace:\nE       \tGetHandleVerifier [0x003EA813+48355]\nE       \t(No symbol) [0x0037C4B1]\nE       \t(No symbol) [0x00285358]\nE       \t(No symbol) [0x002887A1]\nE       \t(No symbol) [0x002899E1]\nE       \t(No symbol) [0x00289A80]\nE       \t(No symbol) [0x002B1D29]\nE       \t(No symbol) [0x002A9DAD]\nE       \t(No symbol) [0x002CA73C]\nE       \t(No symbol) [0x002A9A36]\nE       \t(No symbol) [0x002CAA94]\nE       \t(No symbol) [0x002DC922]\nE       \t(No symbol) [0x002CA536]\nE       \t(No symbol) [0x002A82DC]\nE       \t(No symbol) [0x002A93DD]\nE       \tGetHandleVerifier [0x0064AABD+2539405]\nE       \tGetHandleVerifier [0x0068A78F+2800735]\nE       \tGetHandleVerifier [0x0068456C+2775612]\nE       \tGetHandleVerifier [0x004751E0+616112]\nE       \t(No symbol) [0x00385F8C]\nE       \t(No symbol) [0x00382328]\nE       \t(No symbol) [0x0038240B]\nE       \t(No symbol) [0x00374FF7]\nE       \tBaseThreadInitThunk [0x76757BA9+25]\nE       \tRtlInitializeExceptionChain [0x77ABC10B+107]\nE       \tRtlClearBits [0x77ABC08F+191]\n\nautoTest\\Lib\\site-packages\\selenium\\webdriver\\remote\\errorhandler.py:229: StaleElementReferenceException"}, "description": "Validar configuracion de rol base", "steps": [{"name": "nos dirigimos a configuraciones", "status": "broken", "statusDetails": {"message": "selenium.common.exceptions.StaleElementReferenceException: Message: stale element reference: stale element not found\n  (Session info: chrome=114.0.5735.199); For documentation on this error, please visit: https://www.selenium.dev/documentation/webdriver/troubleshooting/errors#stale-element-reference-exception\nStacktrace:\nBacktrace:\n\tGetHandleVerifier [0x003EA813+48355]\n\t(No symbol) [0x0037C4B1]\n\t(No symbol) [0x00285358]\n\t(No symbol) [0x002887A1]\n\t(No symbol) [0x002899E1]\n\t(No symbol) [0x00289A80]\n\t(No symbol) [0x002B1D29]\n\t(No symbol) [0x002A9DAD]\n\t(No symbol) [0x002CA73C]\n\t(No symbol) [0x002A9A36]\n\t(No symbol) [0x002CAA94]\n\t(No symbol) [0x002DC922]\n\t(No symbol) [0x002CA536]\n\t(No symbol) [0x002A82DC]\n\t(No symbol) [0x002A93DD]\n\tGetHandleVerifier [0x0064AABD+2539405]\n\tGetHandleVerifier [0x0068A78F+2800735]\n\tGetHandleVerifier [0x0068456C+2775612]\n\tGetHandleVerifier [0x004751E0+616112]\n\t(No symbol) [0x00385F8C]\n\t(No symbol) [0x00382328]\n\t(No symbol) [0x0038240B]\n\t(No symbol) [0x00374FF7]\n\tBaseThreadInitThunk [0x76757BA9+25]\n\tRtlInitializeExceptionChain [0x77ABC10B+107]\n\tRtlClearBits [0x77ABC08F+191]\n\n", "trace": "  File \"C:\\2024\\CetappGo\\test\\test_alta_incidente.py\", line 56, in test_rol_base\n    incidentes_pagess.seleccionTipoIncidente()\n  File \"C:\\2024\\CetappGo\\autoTest\\Lib\\site-packages\\allure_commons\\_allure.py\", line 192, in impl\n    return func(*a, **kw)\n           ^^^^^^^^^^^^^^\n  File \"C:\\2024\\CetappGo\\pages\\incidente_pages.py\", line 159, in seleccionTipoIncidente\n    seleccion_incidente.click()\n  File \"C:\\2024\\CetappGo\\autoTest\\Lib\\site-packages\\selenium\\webdriver\\remote\\webelement.py\", line 94, in click\n    self._execute(Command.CLICK_ELEMENT)\n  File \"C:\\2024\\CetappGo\\autoTest\\Lib\\site-packages\\selenium\\webdriver\\remote\\webelement.py\", line 395, in _execute\n    return self._parent.execute(command, params)\n           ^^^^^^^^^^^^^^^^^^^^^^^^^^^^^^^^^^^^^\n  File \"C:\\2024\\CetappGo\\autoTest\\Lib\\site-packages\\selenium\\webdriver\\remote\\webdriver.py\", line 347, in execute\n    self.error_handler.check_response(response)\n  File \"C:\\2024\\CetappGo\\autoTest\\Lib\\site-packages\\selenium\\webdriver\\remote\\errorhandler.py\", line 229, in check_response\n    raise exception_class(message, screen, stacktrace)\n"}, "steps": [{"name": "Usuarioss", "status": "passed", "steps": [{"name": "verificar que se muestre el elmento", "status": "passed", "start": 1726012925746, "stop": 1726012927899}], "start": 1726012925370, "stop": 1726012927899}, {"name": "password", "status": "passed", "steps": [{"name": "verificar que se muestre el elmento", "status": "passed", "start": 1726012927935, "stop": 1726012930101}], "start": 1726012927899, "stop": 1726012930101}, {"name": "iniciar", "status": "passed", "steps": [{"name": "click en iniciar", "status": "passed", "start": 1726012930134, "stop": 1726012930264}], "start": 1726012930101, "stop": 1726012930264}, {"name": "boton incidente menu lateral", "status": "passed", "steps": [{"name": "verificar que se muestre el elmento", "status": "passed", "start": 1726012937906, "stop": 1726012938018}], "start": 1726012933264, "stop": 1726012938018}, {"name": "Verificacion Pantalla Incidentes", "status": "passed", "steps": [{"name": "verificar que se muestre el elmento", "status": "passed", "start": 1726012939236, "stop": 1726012939251}], "start": 1726012938018, "stop": 1726012939251}, {"name": "Boton nuevo incidente", "status": "passed", "steps": [{"name": "verificar que se muestre el elmento", "status": "passed", "start": 1726012942272, "stop": 1726012942342}], "start": 1726012942252, "stop": 1726012942342}, {"name": "campo plantilla", "status": "passed", "steps": [{"name": "verificar que se muestre el elmento", "status": "passed", "start": 1726012944482, "stop": 1726012944536}], "start": 1726012942342, "stop": 1726012944536}, {"name": "seleccion de plantilla", "status": "passed", "steps": [{"name": "verificar que se muestre el elmento", "status": "passed", "start": 1726012946557, "stop": 1726012946705}], "start": 1726012946537, "stop": 1726012946705}, {"name": "campo establecimiento", "status": "passed", "steps": [{"name": "verificar que se muestre el elmento", "status": "passed", "start": 1726012948728, "stop": 1726012948772}], "start": 1726012948706, "stop": 1726012948772}, {"name": "seleccion establecimiento", "status": "passed", "steps": [{"name": "verificar que se muestre el elmento", "status": "passed", "start": 1726012950795, "stop": 1726012950855}], "start": 1726012950772, "stop": 1726012950855}, {"name": "campo area", "status": "passed", "steps": [{"name": "verificar que se muestre el elmento", "status": "passed", "start": 1726012953876, "stop": 1726012953921}], "start": 1726012953856, "stop": 1726012953921}, {"name": "seleccion area", "status": "passed", "steps": [{"name": "verificar que se muestre el elmento", "status": "passed", "start": 1726012954461, "stop": 1726012954510}], "start": 1726012953921, "stop": 1726012954510}, {"name": "campo Tipo Incidente", "status": "passed", "steps": [{"name": "verificar que se muestre el elmento", "status": "passed", "start": 1726012954534, "stop": 1726012954595}], "start": 1726012954510, "stop": 1726012954595}, {"name": "Seleccion Tipo Incidente", "status": "broken", "statusDetails": {"message": "selenium.common.exceptions.StaleElementReferenceException: Message: stale element reference: stale element not found\n  (Session info: chrome=114.0.5735.199); For documentation on this error, please visit: https://www.selenium.dev/documentation/webdriver/troubleshooting/errors#stale-element-reference-exception\nStacktrace:\nBacktrace:\n\tGetHandleVerifier [0x003EA813+48355]\n\t(No symbol) [0x0037C4B1]\n\t(No symbol) [0x00285358]\n\t(No symbol) [0x002887A1]\n\t(No symbol) [0x002899E1]\n\t(No symbol) [0x00289A80]\n\t(No symbol) [0x002B1D29]\n\t(No symbol) [0x002A9DAD]\n\t(No symbol) [0x002CA73C]\n\t(No symbol) [0x002A9A36]\n\t(No symbol) [0x002CAA94]\n\t(No symbol) [0x002DC922]\n\t(No symbol) [0x002CA536]\n\t(No symbol) [0x002A82DC]\n\t(No symbol) [0x002A93DD]\n\tGetHandleVerifier [0x0064AABD+2539405]\n\tGetHandleVerifier [0x0068A78F+2800735]\n\tGetHandleVerifier [0x0068456C+2775612]\n\tGetHandleVerifier [0x004751E0+616112]\n\t(No symbol) [0x00385F8C]\n\t(No symbol) [0x00382328]\n\t(No symbol) [0x0038240B]\n\t(No symbol) [0x00374FF7]\n\tBaseThreadInitThunk [0x76757BA9+25]\n\tRtlInitializeExceptionChain [0x77ABC10B+107]\n\tRtlClearBits [0x77ABC08F+191]\n\n", "trace": "  File \"C:\\2024\\CetappGo\\autoTest\\Lib\\site-packages\\allure_commons\\_allure.py\", line 192, in impl\n    return func(*a, **kw)\n           ^^^^^^^^^^^^^^\n  File \"C:\\2024\\CetappGo\\pages\\incidente_pages.py\", line 159, in seleccionTipoIncidente\n    seleccion_incidente.click()\n  File \"C:\\2024\\CetappGo\\autoTest\\Lib\\site-packages\\selenium\\webdriver\\remote\\webelement.py\", line 94, in click\n    self._execute(Command.CLICK_ELEMENT)\n  File \"C:\\2024\\CetappGo\\autoTest\\Lib\\site-packages\\selenium\\webdriver\\remote\\webelement.py\", line 395, in _execute\n    return self._parent.execute(command, params)\n           ^^^^^^^^^^^^^^^^^^^^^^^^^^^^^^^^^^^^^\n  File \"C:\\2024\\CetappGo\\autoTest\\Lib\\site-packages\\selenium\\webdriver\\remote\\webdriver.py\", line 347, in execute\n    self.error_handler.check_response(response)\n  File \"C:\\2024\\CetappGo\\autoTest\\Lib\\site-packages\\selenium\\webdriver\\remote\\errorhandler.py\", line 229, in check_response\n    raise exception_class(message, screen, stacktrace)\n"}, "steps": [{"name": "verificar que se muestre el elmento", "status": "broken", "statusDetails": {"message": "selenium.common.exceptions.StaleElementReferenceException: Message: stale element reference: stale element not found\n  (Session info: chrome=114.0.5735.199); For documentation on this error, please visit: https://www.selenium.dev/documentation/webdriver/troubleshooting/errors#stale-element-reference-exception\nStacktrace:\nBacktrace:\n\tGetHandleVerifier [0x003EA813+48355]\n\t(No symbol) [0x0037C4B1]\n\t(No symbol) [0x00285358]\n\t(No symbol) [0x002887A1]\n\t(No symbol) [0x002899E1]\n\t(No symbol) [0x00289A80]\n\t(No symbol) [0x002B1D29]\n\t(No symbol) [0x002A9DAD]\n\t(No symbol) [0x002CA73C]\n\t(No symbol) [0x002A9A36]\n\t(No symbol) [0x002CAA94]\n\t(No symbol) [0x002DC922]\n\t(No symbol) [0x002CA536]\n\t(No symbol) [0x002A82DC]\n\t(No symbol) [0x002A93DD]\n\tGetHandleVerifier [0x0064AABD+2539405]\n\tGetHandleVerifier [0x0068A78F+2800735]\n\tGetHandleVerifier [0x0068456C+2775612]\n\tGetHandleVerifier [0x004751E0+616112]\n\t(No symbol) [0x00385F8C]\n\t(No symbol) [0x00382328]\n\t(No symbol) [0x0038240B]\n\t(No symbol) [0x00374FF7]\n\tBaseThreadInitThunk [0x76757BA9+25]\n\tRtlInitializeExceptionChain [0x77ABC10B+107]\n\tRtlClearBits [0x77ABC08F+191]\n\n", "trace": "  File \"C:\\2024\\CetappGo\\pages\\incidente_pages.py\", line 159, in seleccionTipoIncidente\n    seleccion_incidente.click()\n  File \"C:\\2024\\CetappGo\\autoTest\\Lib\\site-packages\\selenium\\webdriver\\remote\\webelement.py\", line 94, in click\n    self._execute(Command.CLICK_ELEMENT)\n  File \"C:\\2024\\CetappGo\\autoTest\\Lib\\site-packages\\selenium\\webdriver\\remote\\webelement.py\", line 395, in _execute\n    return self._parent.execute(command, params)\n           ^^^^^^^^^^^^^^^^^^^^^^^^^^^^^^^^^^^^^\n  File \"C:\\2024\\CetappGo\\autoTest\\Lib\\site-packages\\selenium\\webdriver\\remote\\webdriver.py\", line 347, in execute\n    self.error_handler.check_response(response)\n  File \"C:\\2024\\CetappGo\\autoTest\\Lib\\site-packages\\selenium\\webdriver\\remote\\errorhandler.py\", line 229, in check_response\n    raise exception_class(message, screen, stacktrace)\n"}, "start": 1726012954618, "stop": 1726012954636}], "start": 1726012954595, "stop": 1726012954642}], "start": 1726012922369, "stop": 1726012954644}], "start": 1726012922369, "stop": 1726012954645, "uuid": "3c4a6c8d-0b77-48ae-ab31-7dba89528126", "historyId": "c5b1b16bfdfa1ebc110bd15bc078d145", "testCaseId": "c5b1b16bfdfa1ebc110bd15bc078d145", "fullName": "test.test_alta_incidente.Test#test_rol_base", "labels": [{"name": "parentSuite", "value": "test"}, {"name": "suite", "value": "test_alta_incidente"}, {"name": "subSuite", "value": "Test"}, {"name": "host", "value": "Familia"}, {"name": "thread", "value": "26520-MainThread"}, {"name": "framework", "value": "pytest"}, {"name": "language", "value": "cpython3"}, {"name": "package", "value": "test.test_alta_incidente"}]}