{"name": "Validar ABM rol base", "status": "broken", "statusDetails": {"message": "selenium.common.exceptions.ElementClickInterceptedException: Message: element click intercepted: Element <a class=\"flex align-items-center p-3 cursor-pointer font-500 uno_ease-in-out uno_transition-duration-200 border-round-lg bg-transparent uno_w-15.5rem\" href=\"/configuracion\">...</a> is not clickable at point (122, 547). Other element would receive the click: <div class=\"swal2-container swal2-center swal2-backdrop-hide\" style=\"overflow-y: hidden;\">...</div>\n  (Session info: chrome=114.0.5735.199)\nStacktrace:\nBacktrace:\n\tGetHandleVerifier [0x00B9A813+48355]\n\t(No symbol) [0x00B2C4B1]\n\t(No symbol) [0x00A35358]\n\t(No symbol) [0x00A65062]\n\t(No symbol) [0x00A63B98]\n\t(No symbol) [0x00A6239B]\n\t(No symbol) [0x00A6179E]\n\t(No symbol) [0x00A59F5C]\n\t(No symbol) [0x00A7A73C]\n\t(No symbol) [0x00A59A36]\n\t(No symbol) [0x00A7AA94]\n\t(No symbol) [0x00A8C922]\n\t(No symbol) [0x00A7A536]\n\t(No symbol) [0x00A582DC]\n\t(No symbol) [0x00A593DD]\n\tGetHandleVerifier [0x00DFAABD+2539405]\n\tGetHandleVerifier [0x00E3A78F+2800735]\n\tGetHandleVerifier [0x00E3456C+2775612]\n\tGetHandleVerifier [0x00C251E0+616112]\n\t(No symbol) [0x00B35F8C]\n\t(No symbol) [0x00B32328]\n\t(No symbol) [0x00B3240B]\n\t(No symbol) [0x00B24FF7]\n\tBaseThreadInitThunk [0x76757BA9+25]\n\tRtlInitializeExceptionChain [0x77ABC10B+107]\n\tRtlClearBits [0x77ABC08F+191]", "trace": "self = <test_abm_roles.Test object at 0x00000190CD4FF980>\n\n    @allure.title(\"Validar ABM rol base\")\n    @allure.description(\"Validar configuracion de rol base\")\n    def test_rol_base(self):\n    \n        with allure.step(\"nos dirigimos a configuraciones\"):\n            driver = self.driver\n            sleep(3)\n            home_pages = CetappPage(driver)\n            abm_pages = AbmPage(driver)\n            home_pages.usuario()\n            home_pages.ingresar_contraseÃ±a()\n            home_pages.iniciar()\n            sleep(3)\n>           home_pages.click_configuracion()\n\ntest\\test_abm_roles.py:40: \n_ _ _ _ _ _ _ _ _ _ _ _ _ _ _ _ _ _ _ _ _ _ _ _ _ _ _ _ _ _ _ _ _ _ _ _ _ _ _ _ _ _ _ _ _ _ _ _ _ _ _ _ _ _ _ _ _ _ _ _ _ _ _ _ _ _ _ _ _ _ _ _ _ _ _ _ _ _ _ _\npages\\home_page.py:58: in click_configuracion\n    jefe1.click()\nautoTest\\Lib\\site-packages\\selenium\\webdriver\\remote\\webelement.py:94: in click\n    self._execute(Command.CLICK_ELEMENT)\nautoTest\\Lib\\site-packages\\selenium\\webdriver\\remote\\webelement.py:395: in _execute\n    return self._parent.execute(command, params)\nautoTest\\Lib\\site-packages\\selenium\\webdriver\\remote\\webdriver.py:347: in execute\n    self.error_handler.check_response(response)\n_ _ _ _ _ _ _ _ _ _ _ _ _ _ _ _ _ _ _ _ _ _ _ _ _ _ _ _ _ _ _ _ _ _ _ _ _ _ _ _ _ _ _ _ _ _ _ _ _ _ _ _ _ _ _ _ _ _ _ _ _ _ _ _ _ _ _ _ _ _ _ _ _ _ _ _ _ _ _ _\n\nself = <selenium.webdriver.remote.errorhandler.ErrorHandler object at 0x00000190CD609220>\nresponse = {'status': 400, 'value': '{\"value\":{\"error\":\"element click intercepted\",\"message\":\"element click intercepted: Element ...dInitThunk [0x76757BA9+25]\\\\n\\\\tRtlInitializeExceptionChain [0x77ABC10B+107]\\\\n\\\\tRtlClearBits [0x77ABC08F+191]\\\\n\"}}'}\n\n    def check_response(self, response: Dict[str, Any]) -> None:\n        \"\"\"Checks that a JSON response from the WebDriver does not have an\n        error.\n    \n        :Args:\n         - response - The JSON response from the WebDriver server as a dictionary\n           object.\n    \n        :Raises: If the response contains an error message.\n        \"\"\"\n        status = response.get(\"status\", None)\n        if not status or status == ErrorCode.SUCCESS:\n            return\n        value = None\n        message = response.get(\"message\", \"\")\n        screen: str = response.get(\"screen\", \"\")\n        stacktrace = None\n        if isinstance(status, int):\n            value_json = response.get(\"value\", None)\n            if value_json and isinstance(value_json, str):\n                import json\n    \n                try:\n                    value = json.loads(value_json)\n                    if len(value) == 1:\n                        value = value[\"value\"]\n                    status = value.get(\"error\", None)\n                    if not status:\n                        status = value.get(\"status\", ErrorCode.UNKNOWN_ERROR)\n                        message = value.get(\"value\") or value.get(\"message\")\n                        if not isinstance(message, str):\n                            value = message\n                            message = message.get(\"message\")\n                    else:\n                        message = value.get(\"message\", None)\n                except ValueError:\n                    pass\n    \n        exception_class: Type[WebDriverException]\n        e = ErrorCode()\n        error_codes = [item for item in dir(e) if not item.startswith(\"__\")]\n        for error_code in error_codes:\n            error_info = getattr(ErrorCode, error_code)\n            if isinstance(error_info, list) and status in error_info:\n                exception_class = getattr(ExceptionMapping, error_code, WebDriverException)\n                break\n        else:\n            exception_class = WebDriverException\n    \n        if not value:\n            value = response[\"value\"]\n        if isinstance(value, str):\n            raise exception_class(value)\n        if message == \"\" and \"message\" in value:\n            message = value[\"message\"]\n    \n        screen = None  # type: ignore[assignment]\n        if \"screen\" in value:\n            screen = value[\"screen\"]\n    \n        stacktrace = None\n        st_value = value.get(\"stackTrace\") or value.get(\"stacktrace\")\n        if st_value:\n            if isinstance(st_value, str):\n                stacktrace = st_value.split(\"\\n\")\n            else:\n                stacktrace = []\n                try:\n                    for frame in st_value:\n                        line = frame.get(\"lineNumber\", \"\")\n                        file = frame.get(\"fileName\", \"<anonymous>\")\n                        if line:\n                            file = f\"{file}:{line}\"\n                        meth = frame.get(\"methodName\", \"<anonymous>\")\n                        if \"className\" in frame:\n                            meth = f\"{frame['className']}.{meth}\"\n                        msg = \"    at %s (%s)\"\n                        msg = msg % (meth, file)\n                        stacktrace.append(msg)\n                except TypeError:\n                    pass\n        if exception_class == UnexpectedAlertPresentException:\n            alert_text = None\n            if \"data\" in value:\n                alert_text = value[\"data\"].get(\"text\")\n            elif \"alert\" in value:\n                alert_text = value[\"alert\"].get(\"text\")\n            raise exception_class(message, screen, stacktrace, alert_text)  # type: ignore[call-arg]  # mypy is not smart enough here\n>       raise exception_class(message, screen, stacktrace)\nE       selenium.common.exceptions.ElementClickInterceptedException: Message: element click intercepted: Element <a class=\"flex align-items-center p-3 cursor-pointer font-500 uno_ease-in-out uno_transition-duration-200 border-round-lg bg-transparent uno_w-15.5rem\" href=\"/configuracion\">...</a> is not clickable at point (122, 547). Other element would receive the click: <div class=\"swal2-container swal2-center swal2-backdrop-hide\" style=\"overflow-y: hidden;\">...</div>\nE         (Session info: chrome=114.0.5735.199)\nE       Stacktrace:\nE       Backtrace:\nE       \tGetHandleVerifier [0x00B9A813+48355]\nE       \t(No symbol) [0x00B2C4B1]\nE       \t(No symbol) [0x00A35358]\nE       \t(No symbol) [0x00A65062]\nE       \t(No symbol) [0x00A63B98]\nE       \t(No symbol) [0x00A6239B]\nE       \t(No symbol) [0x00A6179E]\nE       \t(No symbol) [0x00A59F5C]\nE       \t(No symbol) [0x00A7A73C]\nE       \t(No symbol) [0x00A59A36]\nE       \t(No symbol) [0x00A7AA94]\nE       \t(No symbol) [0x00A8C922]\nE       \t(No symbol) [0x00A7A536]\nE       \t(No symbol) [0x00A582DC]\nE       \t(No symbol) [0x00A593DD]\nE       \tGetHandleVerifier [0x00DFAABD+2539405]\nE       \tGetHandleVerifier [0x00E3A78F+2800735]\nE       \tGetHandleVerifier [0x00E3456C+2775612]\nE       \tGetHandleVerifier [0x00C251E0+616112]\nE       \t(No symbol) [0x00B35F8C]\nE       \t(No symbol) [0x00B32328]\nE       \t(No symbol) [0x00B3240B]\nE       \t(No symbol) [0x00B24FF7]\nE       \tBaseThreadInitThunk [0x76757BA9+25]\nE       \tRtlInitializeExceptionChain [0x77ABC10B+107]\nE       \tRtlClearBits [0x77ABC08F+191]\n\nautoTest\\Lib\\site-packages\\selenium\\webdriver\\remote\\errorhandler.py:229: ElementClickInterceptedException"}, "description": "Validar configuracion de rol base", "steps": [{"name": "nos dirigimos a configuraciones", "status": "broken", "statusDetails": {"message": "selenium.common.exceptions.ElementClickInterceptedException: Message: element click intercepted: Element <a class=\"flex align-items-center p-3 cursor-pointer font-500 uno_ease-in-out uno_transition-duration-200 border-round-lg bg-transparent uno_w-15.5rem\" href=\"/configuracion\">...</a> is not clickable at point (122, 547). Other element would receive the click: <div class=\"swal2-container swal2-center swal2-backdrop-hide\" style=\"overflow-y: hidden;\">...</div>\n  (Session info: chrome=114.0.5735.199)\nStacktrace:\nBacktrace:\n\tGetHandleVerifier [0x00B9A813+48355]\n\t(No symbol) [0x00B2C4B1]\n\t(No symbol) [0x00A35358]\n\t(No symbol) [0x00A65062]\n\t(No symbol) [0x00A63B98]\n\t(No symbol) [0x00A6239B]\n\t(No symbol) [0x00A6179E]\n\t(No symbol) [0x00A59F5C]\n\t(No symbol) [0x00A7A73C]\n\t(No symbol) [0x00A59A36]\n\t(No symbol) [0x00A7AA94]\n\t(No symbol) [0x00A8C922]\n\t(No symbol) [0x00A7A536]\n\t(No symbol) [0x00A582DC]\n\t(No symbol) [0x00A593DD]\n\tGetHandleVerifier [0x00DFAABD+2539405]\n\tGetHandleVerifier [0x00E3A78F+2800735]\n\tGetHandleVerifier [0x00E3456C+2775612]\n\tGetHandleVerifier [0x00C251E0+616112]\n\t(No symbol) [0x00B35F8C]\n\t(No symbol) [0x00B32328]\n\t(No symbol) [0x00B3240B]\n\t(No symbol) [0x00B24FF7]\n\tBaseThreadInitThunk [0x76757BA9+25]\n\tRtlInitializeExceptionChain [0x77ABC10B+107]\n\tRtlClearBits [0x77ABC08F+191]\n\n", "trace": "  File \"C:\\2024\\CetappGo\\test\\test_abm_roles.py\", line 40, in test_rol_base\n    home_pages.click_configuracion()\n  File \"C:\\2024\\CetappGo\\autoTest\\Lib\\site-packages\\allure_commons\\_allure.py\", line 192, in impl\n    return func(*a, **kw)\n           ^^^^^^^^^^^^^^\n  File \"C:\\2024\\CetappGo\\pages\\home_page.py\", line 58, in click_configuracion\n    jefe1.click()\n  File \"C:\\2024\\CetappGo\\autoTest\\Lib\\site-packages\\selenium\\webdriver\\remote\\webelement.py\", line 94, in click\n    self._execute(Command.CLICK_ELEMENT)\n  File \"C:\\2024\\CetappGo\\autoTest\\Lib\\site-packages\\selenium\\webdriver\\remote\\webelement.py\", line 395, in _execute\n    return self._parent.execute(command, params)\n           ^^^^^^^^^^^^^^^^^^^^^^^^^^^^^^^^^^^^^\n  File \"C:\\2024\\CetappGo\\autoTest\\Lib\\site-packages\\selenium\\webdriver\\remote\\webdriver.py\", line 347, in execute\n    self.error_handler.check_response(response)\n  File \"C:\\2024\\CetappGo\\autoTest\\Lib\\site-packages\\selenium\\webdriver\\remote\\errorhandler.py\", line 229, in check_response\n    raise exception_class(message, screen, stacktrace)\n"}, "steps": [{"name": "Usuario", "status": "passed", "steps": [{"name": "verificar que se muestre el elmento", "status": "passed", "start": 1725706515894, "stop": 1725706517951}], "start": 1725706515843, "stop": 1725706517951}, {"name": "password", "status": "passed", "steps": [{"name": "verificar que se muestre el elmento", "status": "passed", "start": 1725706517972, "stop": 1725706520039}], "start": 1725706517951, "stop": 1725706520039}, {"name": "iniciar", "status": "passed", "steps": [{"name": "click en iniciar", "status": "passed", "start": 1725706520059, "stop": 1725706520100}], "start": 1725706520039, "stop": 1725706520100}, {"name": "configuracion", "status": "broken", "statusDetails": {"message": "selenium.common.exceptions.ElementClickInterceptedException: Message: element click intercepted: Element <a class=\"flex align-items-center p-3 cursor-pointer font-500 uno_ease-in-out uno_transition-duration-200 border-round-lg bg-transparent uno_w-15.5rem\" href=\"/configuracion\">...</a> is not clickable at point (122, 547). Other element would receive the click: <div class=\"swal2-container swal2-center swal2-backdrop-hide\" style=\"overflow-y: hidden;\">...</div>\n  (Session info: chrome=114.0.5735.199)\nStacktrace:\nBacktrace:\n\tGetHandleVerifier [0x00B9A813+48355]\n\t(No symbol) [0x00B2C4B1]\n\t(No symbol) [0x00A35358]\n\t(No symbol) [0x00A65062]\n\t(No symbol) [0x00A63B98]\n\t(No symbol) [0x00A6239B]\n\t(No symbol) [0x00A6179E]\n\t(No symbol) [0x00A59F5C]\n\t(No symbol) [0x00A7A73C]\n\t(No symbol) [0x00A59A36]\n\t(No symbol) [0x00A7AA94]\n\t(No symbol) [0x00A8C922]\n\t(No symbol) [0x00A7A536]\n\t(No symbol) [0x00A582DC]\n\t(No symbol) [0x00A593DD]\n\tGetHandleVerifier [0x00DFAABD+2539405]\n\tGetHandleVerifier [0x00E3A78F+2800735]\n\tGetHandleVerifier [0x00E3456C+2775612]\n\tGetHandleVerifier [0x00C251E0+616112]\n\t(No symbol) [0x00B35F8C]\n\t(No symbol) [0x00B32328]\n\t(No symbol) [0x00B3240B]\n\t(No symbol) [0x00B24FF7]\n\tBaseThreadInitThunk [0x76757BA9+25]\n\tRtlInitializeExceptionChain [0x77ABC10B+107]\n\tRtlClearBits [0x77ABC08F+191]\n\n", "trace": "  File \"C:\\2024\\CetappGo\\autoTest\\Lib\\site-packages\\allure_commons\\_allure.py\", line 192, in impl\n    return func(*a, **kw)\n           ^^^^^^^^^^^^^^\n  File \"C:\\2024\\CetappGo\\pages\\home_page.py\", line 58, in click_configuracion\n    jefe1.click()\n  File \"C:\\2024\\CetappGo\\autoTest\\Lib\\site-packages\\selenium\\webdriver\\remote\\webelement.py\", line 94, in click\n    self._execute(Command.CLICK_ELEMENT)\n  File \"C:\\2024\\CetappGo\\autoTest\\Lib\\site-packages\\selenium\\webdriver\\remote\\webelement.py\", line 395, in _execute\n    return self._parent.execute(command, params)\n           ^^^^^^^^^^^^^^^^^^^^^^^^^^^^^^^^^^^^^\n  File \"C:\\2024\\CetappGo\\autoTest\\Lib\\site-packages\\selenium\\webdriver\\remote\\webdriver.py\", line 347, in execute\n    self.error_handler.check_response(response)\n  File \"C:\\2024\\CetappGo\\autoTest\\Lib\\site-packages\\selenium\\webdriver\\remote\\errorhandler.py\", line 229, in check_response\n    raise exception_class(message, screen, stacktrace)\n"}, "steps": [{"name": "verificar que se muestre el elmento", "status": "broken", "statusDetails": {"message": "selenium.common.exceptions.ElementClickInterceptedException: Message: element click intercepted: Element <a class=\"flex align-items-center p-3 cursor-pointer font-500 uno_ease-in-out uno_transition-duration-200 border-round-lg bg-transparent uno_w-15.5rem\" href=\"/configuracion\">...</a> is not clickable at point (122, 547). Other element would receive the click: <div class=\"swal2-container swal2-center swal2-backdrop-hide\" style=\"overflow-y: hidden;\">...</div>\n  (Session info: chrome=114.0.5735.199)\nStacktrace:\nBacktrace:\n\tGetHandleVerifier [0x00B9A813+48355]\n\t(No symbol) [0x00B2C4B1]\n\t(No symbol) [0x00A35358]\n\t(No symbol) [0x00A65062]\n\t(No symbol) [0x00A63B98]\n\t(No symbol) [0x00A6239B]\n\t(No symbol) [0x00A6179E]\n\t(No symbol) [0x00A59F5C]\n\t(No symbol) [0x00A7A73C]\n\t(No symbol) [0x00A59A36]\n\t(No symbol) [0x00A7AA94]\n\t(No symbol) [0x00A8C922]\n\t(No symbol) [0x00A7A536]\n\t(No symbol) [0x00A582DC]\n\t(No symbol) [0x00A593DD]\n\tGetHandleVerifier [0x00DFAABD+2539405]\n\tGetHandleVerifier [0x00E3A78F+2800735]\n\tGetHandleVerifier [0x00E3456C+2775612]\n\tGetHandleVerifier [0x00C251E0+616112]\n\t(No symbol) [0x00B35F8C]\n\t(No symbol) [0x00B32328]\n\t(No symbol) [0x00B3240B]\n\t(No symbol) [0x00B24FF7]\n\tBaseThreadInitThunk [0x76757BA9+25]\n\tRtlInitializeExceptionChain [0x77ABC10B+107]\n\tRtlClearBits [0x77ABC08F+191]\n\n", "trace": "  File \"C:\\2024\\CetappGo\\pages\\home_page.py\", line 58, in click_configuracion\n    jefe1.click()\n  File \"C:\\2024\\CetappGo\\autoTest\\Lib\\site-packages\\selenium\\webdriver\\remote\\webelement.py\", line 94, in click\n    self._execute(Command.CLICK_ELEMENT)\n  File \"C:\\2024\\CetappGo\\autoTest\\Lib\\site-packages\\selenium\\webdriver\\remote\\webelement.py\", line 395, in _execute\n    return self._parent.execute(command, params)\n           ^^^^^^^^^^^^^^^^^^^^^^^^^^^^^^^^^^^^^\n  File \"C:\\2024\\CetappGo\\autoTest\\Lib\\site-packages\\selenium\\webdriver\\remote\\webdriver.py\", line 347, in execute\n    self.error_handler.check_response(response)\n  File \"C:\\2024\\CetappGo\\autoTest\\Lib\\site-packages\\selenium\\webdriver\\remote\\errorhandler.py\", line 229, in check_response\n    raise exception_class(message, screen, stacktrace)\n"}, "start": 1725706526217, "stop": 1725706527274}], "start": 1725706523102, "stop": 1725706527347}], "start": 1725706512843, "stop": 1725706527358}], "start": 1725706512842, "stop": 1725706527359, "uuid": "aa42872f-a942-4f48-aeed-630ab430dd03", "historyId": "b6688147040a69111b5d40cfc44d4dc1", "testCaseId": "b6688147040a69111b5d40cfc44d4dc1", "fullName": "test.test_abm_roles.Test#test_rol_base", "labels": [{"name": "parentSuite", "value": "test"}, {"name": "suite", "value": "test_abm_roles"}, {"name": "subSuite", "value": "Test"}, {"name": "host", "value": "Familia"}, {"name": "thread", "value": "23468-MainThread"}, {"name": "framework", "value": "pytest"}, {"name": "language", "value": "cpython3"}, {"name": "package", "value": "test.test_abm_roles"}]}