{"name": "Validar ABM rol base", "status": "broken", "statusDetails": {"message": "selenium.common.exceptions.TimeoutException: Message: \nStacktrace:\n\tGetHandleVerifier [0x00BEB8E3+45827]\n\t(No symbol) [0x00B7DCC4]\n\t(No symbol) [0x00A7150F]\n\t(No symbol) [0x00AB20BC]\n\t(No symbol) [0x00AB216B]\n\t(No symbol) [0x00AEE0F2]\n\t(No symbol) [0x00AD2E44]\n\t(No symbol) [0x00AEC034]\n\t(No symbol) [0x00AD2B96]\n\t(No symbol) [0x00AA6998]\n\t(No symbol) [0x00AA751D]\n\tGetHandleVerifier [0x00EA4513+2899763]\n\tGetHandleVerifier [0x00EF793D+3240797]\n\tGetHandleVerifier [0x00C713B4+593364]\n\tGetHandleVerifier [0x00C782DC+621820]\n\t(No symbol) [0x00B870A4]\n\t(No symbol) [0x00B837A8]\n\t(No symbol) [0x00B83947]\n\t(No symbol) [0x00B759FE]\n\tBaseThreadInitThunk [0x75897D59+25]\n\tRtlInitializeExceptionChain [0x76F6B79B+107]\n\tRtlClearBits [0x76F6B71F+191]", "trace": "self = <test_nuevo_rol_base.Test object at 0x00000193F6799640>\n\n    @allure.title(\"Validar ABM rol base\")\n    @allure.description(\"Validar configuracion de rol base\")\n    def test_rol_base(self):\n    \n        with allure.step(\"nos dirigimos a configuraciones\"):\n            driver = self.driver\n            sleep(3)\n            home_pages = CetappPage(driver)\n            abm_pages = AbmPage(driver)\n            home_pages.usuario()\n            home_pages.ingresar_contraseÃ±a()\n            home_pages.iniciar()\n    \n>           abm_pages.generales1()\n\ntest\\test_nuevo_rol_base.py:40: \n_ _ _ _ _ _ _ _ _ _ _ _ _ _ _ _ _ _ _ _ _ _ _ _ _ _ _ _ _ _ _ _ _ _ _ _ _ _ _ _ _ _ _ _ _ _ _ _ _ _ _ _ _ _ _ _ _ _ _ _ _ _ _ _ _\npages\\abm_page.py:37: in generales1\n    jefe = WebDriverWait(self.driver, 10).until(\n_ _ _ _ _ _ _ _ _ _ _ _ _ _ _ _ _ _ _ _ _ _ _ _ _ _ _ _ _ _ _ _ _ _ _ _ _ _ _ _ _ _ _ _ _ _ _ _ _ _ _ _ _ _ _ _ _ _ _ _ _ _ _ _ _\n\nself = <selenium.webdriver.support.wait.WebDriverWait (session=\"cd1fb58b1f82ce579d370af07ab1999e\")>\nmethod = <function visibility_of_element_located.<locals>._predicate at 0x00000193F6806DE0>, message = ''\n\n    def until(self, method: Callable[[D], Union[Literal[False], T]], message: str = \"\") -> T:\n        \"\"\"Calls the method provided with the driver as an argument until the \\\n        return value does not evaluate to ``False``.\n    \n        :param method: callable(WebDriver)\n        :param message: optional message for :exc:`TimeoutException`\n        :returns: the result of the last call to `method`\n        :raises: :exc:`selenium.common.exceptions.TimeoutException` if timeout occurs\n        \"\"\"\n        screen = None\n        stacktrace = None\n    \n        end_time = time.monotonic() + self._timeout\n        while True:\n            try:\n                value = method(self._driver)\n                if value:\n                    return value\n            except self._ignored_exceptions as exc:\n                screen = getattr(exc, \"screen\", None)\n                stacktrace = getattr(exc, \"stacktrace\", None)\n            time.sleep(self._poll)\n            if time.monotonic() > end_time:\n                break\n>       raise TimeoutException(message, screen, stacktrace)\nE       selenium.common.exceptions.TimeoutException: Message: \nE       Stacktrace:\nE       \tGetHandleVerifier [0x00BEB8E3+45827]\nE       \t(No symbol) [0x00B7DCC4]\nE       \t(No symbol) [0x00A7150F]\nE       \t(No symbol) [0x00AB20BC]\nE       \t(No symbol) [0x00AB216B]\nE       \t(No symbol) [0x00AEE0F2]\nE       \t(No symbol) [0x00AD2E44]\nE       \t(No symbol) [0x00AEC034]\nE       \t(No symbol) [0x00AD2B96]\nE       \t(No symbol) [0x00AA6998]\nE       \t(No symbol) [0x00AA751D]\nE       \tGetHandleVerifier [0x00EA4513+2899763]\nE       \tGetHandleVerifier [0x00EF793D+3240797]\nE       \tGetHandleVerifier [0x00C713B4+593364]\nE       \tGetHandleVerifier [0x00C782DC+621820]\nE       \t(No symbol) [0x00B870A4]\nE       \t(No symbol) [0x00B837A8]\nE       \t(No symbol) [0x00B83947]\nE       \t(No symbol) [0x00B759FE]\nE       \tBaseThreadInitThunk [0x75897D59+25]\nE       \tRtlInitializeExceptionChain [0x76F6B79B+107]\nE       \tRtlClearBits [0x76F6B71F+191]\n\nautoTest\\Lib\\site-packages\\selenium\\webdriver\\support\\wait.py:105: TimeoutException"}, "description": "Validar configuracion de rol base", "steps": [{"name": "nos dirigimos a configuraciones", "status": "broken", "statusDetails": {"message": "selenium.common.exceptions.TimeoutException: Message: \nStacktrace:\n\tGetHandleVerifier [0x00BEB8E3+45827]\n\t(No symbol) [0x00B7DCC4]\n\t(No symbol) [0x00A7150F]\n\t(No symbol) [0x00AB20BC]\n\t(No symbol) [0x00AB216B]\n\t(No symbol) [0x00AEE0F2]\n\t(No symbol) [0x00AD2E44]\n\t(No symbol) [0x00AEC034]\n\t(No symbol) [0x00AD2B96]\n\t(No symbol) [0x00AA6998]\n\t(No symbol) [0x00AA751D]\n\tGetHandleVerifier [0x00EA4513+2899763]\n\tGetHandleVerifier [0x00EF793D+3240797]\n\tGetHandleVerifier [0x00C713B4+593364]\n\tGetHandleVerifier [0x00C782DC+621820]\n\t(No symbol) [0x00B870A4]\n\t(No symbol) [0x00B837A8]\n\t(No symbol) [0x00B83947]\n\t(No symbol) [0x00B759FE]\n\tBaseThreadInitThunk [0x75897D59+25]\n\tRtlInitializeExceptionChain [0x76F6B79B+107]\n\tRtlClearBits [0x76F6B71F+191]\n\n", "trace": "  File \"C:\\2024\\CetappGo\\test\\test_nuevo_rol_base.py\", line 40, in test_rol_base\n    abm_pages.generales1()\n  File \"C:\\2024\\CetappGo\\autoTest\\Lib\\site-packages\\allure_commons\\_allure.py\", line 192, in impl\n    return func(*a, **kw)\n           ^^^^^^^^^^^^^^\n  File \"C:\\2024\\CetappGo\\pages\\abm_page.py\", line 37, in generales1\n    jefe = WebDriverWait(self.driver, 10).until(\n           ^^^^^^^^^^^^^^^^^^^^^^^^^^^^^^^^^^^^^\n  File \"C:\\2024\\CetappGo\\autoTest\\Lib\\site-packages\\selenium\\webdriver\\support\\wait.py\", line 105, in until\n    raise TimeoutException(message, screen, stacktrace)\n"}, "steps": [{"name": "Usuario", "status": "passed", "steps": [{"name": "verificar que se muestre el elmento", "status": "passed", "start": 1717920505230, "stop": 1717920507276}], "start": 1717920505194, "stop": 1717920507277}, {"name": "password", "status": "passed", "steps": [{"name": "verificar que se muestre el elmento", "status": "passed", "start": 1717920507299, "stop": 1717920509361}], "start": 1717920507277, "stop": 1717920509361}, {"name": "iniciar", "status": "passed", "steps": [{"name": "click en iniciar", "status": "passed", "start": 1717920509376, "stop": 1717920509403}], "start": 1717920509361, "stop": 1717920509403}, {"name": "generales3", "status": "broken", "statusDetails": {"message": "selenium.common.exceptions.TimeoutException: Message: \nStacktrace:\n\tGetHandleVerifier [0x00BEB8E3+45827]\n\t(No symbol) [0x00B7DCC4]\n\t(No symbol) [0x00A7150F]\n\t(No symbol) [0x00AB20BC]\n\t(No symbol) [0x00AB216B]\n\t(No symbol) [0x00AEE0F2]\n\t(No symbol) [0x00AD2E44]\n\t(No symbol) [0x00AEC034]\n\t(No symbol) [0x00AD2B96]\n\t(No symbol) [0x00AA6998]\n\t(No symbol) [0x00AA751D]\n\tGetHandleVerifier [0x00EA4513+2899763]\n\tGetHandleVerifier [0x00EF793D+3240797]\n\tGetHandleVerifier [0x00C713B4+593364]\n\tGetHandleVerifier [0x00C782DC+621820]\n\t(No symbol) [0x00B870A4]\n\t(No symbol) [0x00B837A8]\n\t(No symbol) [0x00B83947]\n\t(No symbol) [0x00B759FE]\n\tBaseThreadInitThunk [0x75897D59+25]\n\tRtlInitializeExceptionChain [0x76F6B79B+107]\n\tRtlClearBits [0x76F6B71F+191]\n\n", "trace": "  File \"C:\\2024\\CetappGo\\autoTest\\Lib\\site-packages\\allure_commons\\_allure.py\", line 192, in impl\n    return func(*a, **kw)\n           ^^^^^^^^^^^^^^\n  File \"C:\\2024\\CetappGo\\pages\\abm_page.py\", line 37, in generales1\n    jefe = WebDriverWait(self.driver, 10).until(\n           ^^^^^^^^^^^^^^^^^^^^^^^^^^^^^^^^^^^^^\n  File \"C:\\2024\\CetappGo\\autoTest\\Lib\\site-packages\\selenium\\webdriver\\support\\wait.py\", line 105, in until\n    raise TimeoutException(message, screen, stacktrace)\n"}, "start": 1717920509403, "stop": 1717920519616}], "start": 1717920502194, "stop": 1717920519618}], "start": 1717920502193, "stop": 1717920519619, "uuid": "f6735f13-41cc-4909-ab26-fd3159b23e42", "historyId": "b7f32426b0a93f034d6849bfed9051e6", "testCaseId": "b7f32426b0a93f034d6849bfed9051e6", "fullName": "test.test_nuevo_rol_base.Test#test_rol_base", "labels": [{"name": "parentSuite", "value": "test"}, {"name": "suite", "value": "test_nuevo_rol_base"}, {"name": "subSuite", "value": "Test"}, {"name": "host", "value": "Familia"}, {"name": "thread", "value": "23800-MainThread"}, {"name": "framework", "value": "pytest"}, {"name": "language", "value": "cpython3"}, {"name": "package", "value": "test.test_nuevo_rol_base"}]}