{"name": "Validar ABM rol base", "status": "broken", "statusDetails": {"message": "selenium.common.exceptions.TimeoutException: Message: \nStacktrace:\n\tGetHandleVerifier [0x00F6B8E3+45827]\n\t(No symbol) [0x00EFDCC4]\n\t(No symbol) [0x00DF150F]\n\t(No symbol) [0x00E320BC]\n\t(No symbol) [0x00E3216B]\n\t(No symbol) [0x00E6E0F2]\n\t(No symbol) [0x00E52E44]\n\t(No symbol) [0x00E6C034]\n\t(No symbol) [0x00E52B96]\n\t(No symbol) [0x00E26998]\n\t(No symbol) [0x00E2751D]\n\tGetHandleVerifier [0x01224513+2899763]\n\tGetHandleVerifier [0x0127793D+3240797]\n\tGetHandleVerifier [0x00FF13B4+593364]\n\tGetHandleVerifier [0x00FF82DC+621820]\n\t(No symbol) [0x00F070A4]\n\t(No symbol) [0x00F037A8]\n\t(No symbol) [0x00F03947]\n\t(No symbol) [0x00EF59FE]\n\tBaseThreadInitThunk [0x75897D59+25]\n\tRtlInitializeExceptionChain [0x76F6B79B+107]\n\tRtlClearBits [0x76F6B71F+191]", "trace": "self = <test_nuevo_rol_base.Test object at 0x000001910062AF00>\n\n    @allure.title(\"Validar ABM rol base\")\n    @allure.description(\"Validar configuracion de rol base\")\n    def test_rol_base(self):\n    \n        with allure.step(\"nos dirigimos a configuraciones\"):\n            driver = self.driver\n            sleep(3)\n            home_pages = CetappPage(driver)\n            home_pages.usuario()\n            home_pages.ingresar_contraseÃ±a()\n            home_pages.iniciar()\n            abm_pages = AbmPage(driver)\n>           abm_pages.generales1()\n\ntest\\test_nuevo_rol_base.py:39: \n_ _ _ _ _ _ _ _ _ _ _ _ _ _ _ _ _ _ _ _ _ _ _ _ _ _ _ _ _ _ _ _ _ _ _ _ _ _ _ _ _ _ _ _ _ _ _ _ _ _ _ _ _ _ _ _ _ _ _ _ _ _ _ _ _\npages\\abm_page.py:37: in generales1\n    generales = WebDriverWait(self.driver, 10).until(\n_ _ _ _ _ _ _ _ _ _ _ _ _ _ _ _ _ _ _ _ _ _ _ _ _ _ _ _ _ _ _ _ _ _ _ _ _ _ _ _ _ _ _ _ _ _ _ _ _ _ _ _ _ _ _ _ _ _ _ _ _ _ _ _ _\n\nself = <selenium.webdriver.support.wait.WebDriverWait (session=\"3bfd75d7e6185d89bc35f35bbe78b65c\")>\nmethod = <function element_to_be_clickable.<locals>._predicate at 0x0000019100696DE0>, message = ''\n\n    def until(self, method: Callable[[D], Union[Literal[False], T]], message: str = \"\") -> T:\n        \"\"\"Calls the method provided with the driver as an argument until the \\\n        return value does not evaluate to ``False``.\n    \n        :param method: callable(WebDriver)\n        :param message: optional message for :exc:`TimeoutException`\n        :returns: the result of the last call to `method`\n        :raises: :exc:`selenium.common.exceptions.TimeoutException` if timeout occurs\n        \"\"\"\n        screen = None\n        stacktrace = None\n    \n        end_time = time.monotonic() + self._timeout\n        while True:\n            try:\n                value = method(self._driver)\n                if value:\n                    return value\n            except self._ignored_exceptions as exc:\n                screen = getattr(exc, \"screen\", None)\n                stacktrace = getattr(exc, \"stacktrace\", None)\n            time.sleep(self._poll)\n            if time.monotonic() > end_time:\n                break\n>       raise TimeoutException(message, screen, stacktrace)\nE       selenium.common.exceptions.TimeoutException: Message: \nE       Stacktrace:\nE       \tGetHandleVerifier [0x00F6B8E3+45827]\nE       \t(No symbol) [0x00EFDCC4]\nE       \t(No symbol) [0x00DF150F]\nE       \t(No symbol) [0x00E320BC]\nE       \t(No symbol) [0x00E3216B]\nE       \t(No symbol) [0x00E6E0F2]\nE       \t(No symbol) [0x00E52E44]\nE       \t(No symbol) [0x00E6C034]\nE       \t(No symbol) [0x00E52B96]\nE       \t(No symbol) [0x00E26998]\nE       \t(No symbol) [0x00E2751D]\nE       \tGetHandleVerifier [0x01224513+2899763]\nE       \tGetHandleVerifier [0x0127793D+3240797]\nE       \tGetHandleVerifier [0x00FF13B4+593364]\nE       \tGetHandleVerifier [0x00FF82DC+621820]\nE       \t(No symbol) [0x00F070A4]\nE       \t(No symbol) [0x00F037A8]\nE       \t(No symbol) [0x00F03947]\nE       \t(No symbol) [0x00EF59FE]\nE       \tBaseThreadInitThunk [0x75897D59+25]\nE       \tRtlInitializeExceptionChain [0x76F6B79B+107]\nE       \tRtlClearBits [0x76F6B71F+191]\n\nautoTest\\Lib\\site-packages\\selenium\\webdriver\\support\\wait.py:105: TimeoutException"}, "description": "Validar configuracion de rol base", "steps": [{"name": "nos dirigimos a configuraciones", "status": "broken", "statusDetails": {"message": "selenium.common.exceptions.TimeoutException: Message: \nStacktrace:\n\tGetHandleVerifier [0x00F6B8E3+45827]\n\t(No symbol) [0x00EFDCC4]\n\t(No symbol) [0x00DF150F]\n\t(No symbol) [0x00E320BC]\n\t(No symbol) [0x00E3216B]\n\t(No symbol) [0x00E6E0F2]\n\t(No symbol) [0x00E52E44]\n\t(No symbol) [0x00E6C034]\n\t(No symbol) [0x00E52B96]\n\t(No symbol) [0x00E26998]\n\t(No symbol) [0x00E2751D]\n\tGetHandleVerifier [0x01224513+2899763]\n\tGetHandleVerifier [0x0127793D+3240797]\n\tGetHandleVerifier [0x00FF13B4+593364]\n\tGetHandleVerifier [0x00FF82DC+621820]\n\t(No symbol) [0x00F070A4]\n\t(No symbol) [0x00F037A8]\n\t(No symbol) [0x00F03947]\n\t(No symbol) [0x00EF59FE]\n\tBaseThreadInitThunk [0x75897D59+25]\n\tRtlInitializeExceptionChain [0x76F6B79B+107]\n\tRtlClearBits [0x76F6B71F+191]\n\n", "trace": "  File \"C:\\2024\\CetappGo\\test\\test_nuevo_rol_base.py\", line 39, in test_rol_base\n    abm_pages.generales1()\n  File \"C:\\2024\\CetappGo\\autoTest\\Lib\\site-packages\\allure_commons\\_allure.py\", line 192, in impl\n    return func(*a, **kw)\n           ^^^^^^^^^^^^^^\n  File \"C:\\2024\\CetappGo\\pages\\abm_page.py\", line 37, in generales1\n    generales = WebDriverWait(self.driver, 10).until(\n                ^^^^^^^^^^^^^^^^^^^^^^^^^^^^^^^^^^^^^\n  File \"C:\\2024\\CetappGo\\autoTest\\Lib\\site-packages\\selenium\\webdriver\\support\\wait.py\", line 105, in until\n    raise TimeoutException(message, screen, stacktrace)\n"}, "steps": [{"name": "Usuario", "status": "passed", "steps": [{"name": "verificar que se muestre el elmento", "status": "passed", "start": 1717918515728, "stop": 1717918517782}], "start": 1717918515675, "stop": 1717918517782}, {"name": "password", "status": "passed", "steps": [{"name": "verificar que se muestre el elmento", "status": "passed", "start": 1717918517801, "stop": 1717918519860}], "start": 1717918517783, "stop": 1717918519860}, {"name": "iniciar", "status": "passed", "steps": [{"name": "click en iniciar", "status": "passed", "start": 1717918519882, "stop": 1717918519908}], "start": 1717918519860, "stop": 1717918519908}, {"name": "generales", "status": "broken", "statusDetails": {"message": "selenium.common.exceptions.TimeoutException: Message: \nStacktrace:\n\tGetHandleVerifier [0x00F6B8E3+45827]\n\t(No symbol) [0x00EFDCC4]\n\t(No symbol) [0x00DF150F]\n\t(No symbol) [0x00E320BC]\n\t(No symbol) [0x00E3216B]\n\t(No symbol) [0x00E6E0F2]\n\t(No symbol) [0x00E52E44]\n\t(No symbol) [0x00E6C034]\n\t(No symbol) [0x00E52B96]\n\t(No symbol) [0x00E26998]\n\t(No symbol) [0x00E2751D]\n\tGetHandleVerifier [0x01224513+2899763]\n\tGetHandleVerifier [0x0127793D+3240797]\n\tGetHandleVerifier [0x00FF13B4+593364]\n\tGetHandleVerifier [0x00FF82DC+621820]\n\t(No symbol) [0x00F070A4]\n\t(No symbol) [0x00F037A8]\n\t(No symbol) [0x00F03947]\n\t(No symbol) [0x00EF59FE]\n\tBaseThreadInitThunk [0x75897D59+25]\n\tRtlInitializeExceptionChain [0x76F6B79B+107]\n\tRtlClearBits [0x76F6B71F+191]\n\n", "trace": "  File \"C:\\2024\\CetappGo\\autoTest\\Lib\\site-packages\\allure_commons\\_allure.py\", line 192, in impl\n    return func(*a, **kw)\n           ^^^^^^^^^^^^^^\n  File \"C:\\2024\\CetappGo\\pages\\abm_page.py\", line 37, in generales1\n    generales = WebDriverWait(self.driver, 10).until(\n                ^^^^^^^^^^^^^^^^^^^^^^^^^^^^^^^^^^^^^\n  File \"C:\\2024\\CetappGo\\autoTest\\Lib\\site-packages\\selenium\\webdriver\\support\\wait.py\", line 105, in until\n    raise TimeoutException(message, screen, stacktrace)\n"}, "start": 1717918519908, "stop": 1717918530139}], "start": 1717918512674, "stop": 1717918530142}], "start": 1717918512674, "stop": 1717918530143, "uuid": "a55dcfec-222d-4824-97cd-d16afbb95d47", "historyId": "b7f32426b0a93f034d6849bfed9051e6", "testCaseId": "b7f32426b0a93f034d6849bfed9051e6", "fullName": "test.test_nuevo_rol_base.Test#test_rol_base", "labels": [{"name": "parentSuite", "value": "test"}, {"name": "suite", "value": "test_nuevo_rol_base"}, {"name": "subSuite", "value": "Test"}, {"name": "host", "value": "Familia"}, {"name": "thread", "value": "13328-MainThread"}, {"name": "framework", "value": "pytest"}, {"name": "language", "value": "cpython3"}, {"name": "package", "value": "test.test_nuevo_rol_base"}]}