{"name": "Validar ABM rol base", "status": "broken", "statusDetails": {"message": "selenium.common.exceptions.TimeoutException: Message: \nStacktrace:\n\tGetHandleVerifier [0x00A3B8E3+45827]\n\t(No symbol) [0x009CDCC4]\n\t(No symbol) [0x008C150F]\n\t(No symbol) [0x009020BC]\n\t(No symbol) [0x0090216B]\n\t(No symbol) [0x0093E0F2]\n\t(No symbol) [0x00922E44]\n\t(No symbol) [0x0093C034]\n\t(No symbol) [0x00922B96]\n\t(No symbol) [0x008F6998]\n\t(No symbol) [0x008F751D]\n\tGetHandleVerifier [0x00CF4513+2899763]\n\tGetHandleVerifier [0x00D4793D+3240797]\n\tGetHandleVerifier [0x00AC13B4+593364]\n\tGetHandleVerifier [0x00AC82DC+621820]\n\t(No symbol) [0x009D70A4]\n\t(No symbol) [0x009D37A8]\n\t(No symbol) [0x009D3947]\n\t(No symbol) [0x009C59FE]\n\tBaseThreadInitThunk [0x75897D59+25]\n\tRtlInitializeExceptionChain [0x76F6B79B+107]\n\tRtlClearBits [0x76F6B71F+191]", "trace": "self = <test_abm_roles.Test object at 0x0000026E1B1B9670>\n\n    @allure.title(\"Validar ABM rol base\")\n    @allure.description(\"Validar configuracion de rol base\")\n    def test_rol_base(self):\n    \n        with allure.step(\"nos dirigimos a configuraciones\"):\n            driver = self.driver\n            sleep(3)\n            home_pages = CetappPage(driver)\n            abm_pages = AbmPage(driver)\n            home_pages.usuario()\n            home_pages.ingresar_contraseÃ±a()\n            home_pages.iniciar()\n            sleep(3)\n            home_pages.click_configuracion()\n            abm_pages.generales1()\n            sleep(3)\n            abm_pages.click_rol()\n            abm_pages.click_nuevo_rol()\n            sleep(2)\n>           abm_pages.click_empresa_rol()\n\ntest\\test_abm_roles.py:46: \n_ _ _ _ _ _ _ _ _ _ _ _ _ _ _ _ _ _ _ _ _ _ _ _ _ _ _ _ _ _ _ _ _ _ _ _ _ _ _ _ _ _ _ _ _ _ _ _ _ _ _ _ _ _ _ _ _ _ _ _ _ _ _ _ _\npages\\abm_page.py:67: in click_empresa_rol\n    WebDriverWait(self.driver, 10).until(\n_ _ _ _ _ _ _ _ _ _ _ _ _ _ _ _ _ _ _ _ _ _ _ _ _ _ _ _ _ _ _ _ _ _ _ _ _ _ _ _ _ _ _ _ _ _ _ _ _ _ _ _ _ _ _ _ _ _ _ _ _ _ _ _ _\n\nself = <selenium.webdriver.support.wait.WebDriverWait (session=\"765fd59a66276a2e5025cd54b8c5668e\")>\nmethod = <function visibility_of_element_located.<locals>._predicate at 0x0000026E1B2D84A0>, message = ''\n\n    def until(self, method: Callable[[D], Union[Literal[False], T]], message: str = \"\") -> T:\n        \"\"\"Calls the method provided with the driver as an argument until the \\\n        return value does not evaluate to ``False``.\n    \n        :param method: callable(WebDriver)\n        :param message: optional message for :exc:`TimeoutException`\n        :returns: the result of the last call to `method`\n        :raises: :exc:`selenium.common.exceptions.TimeoutException` if timeout occurs\n        \"\"\"\n        screen = None\n        stacktrace = None\n    \n        end_time = time.monotonic() + self._timeout\n        while True:\n            try:\n                value = method(self._driver)\n                if value:\n                    return value\n            except self._ignored_exceptions as exc:\n                screen = getattr(exc, \"screen\", None)\n                stacktrace = getattr(exc, \"stacktrace\", None)\n            time.sleep(self._poll)\n            if time.monotonic() > end_time:\n                break\n>       raise TimeoutException(message, screen, stacktrace)\nE       selenium.common.exceptions.TimeoutException: Message: \nE       Stacktrace:\nE       \tGetHandleVerifier [0x00A3B8E3+45827]\nE       \t(No symbol) [0x009CDCC4]\nE       \t(No symbol) [0x008C150F]\nE       \t(No symbol) [0x009020BC]\nE       \t(No symbol) [0x0090216B]\nE       \t(No symbol) [0x0093E0F2]\nE       \t(No symbol) [0x00922E44]\nE       \t(No symbol) [0x0093C034]\nE       \t(No symbol) [0x00922B96]\nE       \t(No symbol) [0x008F6998]\nE       \t(No symbol) [0x008F751D]\nE       \tGetHandleVerifier [0x00CF4513+2899763]\nE       \tGetHandleVerifier [0x00D4793D+3240797]\nE       \tGetHandleVerifier [0x00AC13B4+593364]\nE       \tGetHandleVerifier [0x00AC82DC+621820]\nE       \t(No symbol) [0x009D70A4]\nE       \t(No symbol) [0x009D37A8]\nE       \t(No symbol) [0x009D3947]\nE       \t(No symbol) [0x009C59FE]\nE       \tBaseThreadInitThunk [0x75897D59+25]\nE       \tRtlInitializeExceptionChain [0x76F6B79B+107]\nE       \tRtlClearBits [0x76F6B71F+191]\n\nautoTest\\Lib\\site-packages\\selenium\\webdriver\\support\\wait.py:105: TimeoutException"}, "description": "Validar configuracion de rol base", "steps": [{"name": "nos dirigimos a configuraciones", "status": "broken", "statusDetails": {"message": "selenium.common.exceptions.TimeoutException: Message: \nStacktrace:\n\tGetHandleVerifier [0x00A3B8E3+45827]\n\t(No symbol) [0x009CDCC4]\n\t(No symbol) [0x008C150F]\n\t(No symbol) [0x009020BC]\n\t(No symbol) [0x0090216B]\n\t(No symbol) [0x0093E0F2]\n\t(No symbol) [0x00922E44]\n\t(No symbol) [0x0093C034]\n\t(No symbol) [0x00922B96]\n\t(No symbol) [0x008F6998]\n\t(No symbol) [0x008F751D]\n\tGetHandleVerifier [0x00CF4513+2899763]\n\tGetHandleVerifier [0x00D4793D+3240797]\n\tGetHandleVerifier [0x00AC13B4+593364]\n\tGetHandleVerifier [0x00AC82DC+621820]\n\t(No symbol) [0x009D70A4]\n\t(No symbol) [0x009D37A8]\n\t(No symbol) [0x009D3947]\n\t(No symbol) [0x009C59FE]\n\tBaseThreadInitThunk [0x75897D59+25]\n\tRtlInitializeExceptionChain [0x76F6B79B+107]\n\tRtlClearBits [0x76F6B71F+191]\n\n", "trace": "  File \"C:\\2024\\CetappGo\\test\\test_abm_roles.py\", line 46, in test_rol_base\n    abm_pages.click_empresa_rol()\n  File \"C:\\2024\\CetappGo\\autoTest\\Lib\\site-packages\\allure_commons\\_allure.py\", line 192, in impl\n    return func(*a, **kw)\n           ^^^^^^^^^^^^^^\n  File \"C:\\2024\\CetappGo\\pages\\abm_page.py\", line 67, in click_empresa_rol\n    WebDriverWait(self.driver, 10).until(\n  File \"C:\\2024\\CetappGo\\autoTest\\Lib\\site-packages\\selenium\\webdriver\\support\\wait.py\", line 105, in until\n    raise TimeoutException(message, screen, stacktrace)\n"}, "steps": [{"name": "Usuario", "status": "passed", "steps": [{"name": "verificar que se muestre el elmento", "status": "passed", "start": 1717923796181, "stop": 1717923798253}], "start": 1717923796136, "stop": 1717923798253}, {"name": "password", "status": "passed", "steps": [{"name": "verificar que se muestre el elmento", "status": "passed", "start": 1717923798277, "stop": 1717923800332}], "start": 1717923798253, "stop": 1717923800332}, {"name": "iniciar", "status": "passed", "steps": [{"name": "click en iniciar", "status": "passed", "start": 1717923800352, "stop": 1717923800400}], "start": 1717923800332, "stop": 1717923800400}, {"name": "configuracion", "status": "passed", "steps": [{"name": "verificar que se muestre el elmento", "status": "passed", "start": 1717923807558, "stop": 1717923807730}], "start": 1717923803401, "stop": 1717923807730}, {"name": "generales3", "status": "passed", "steps": [{"name": "verificar que se muestre el elmento", "status": "passed", "start": 1717923808271, "stop": 1717923808322}], "start": 1717923807730, "stop": 1717923808322}, {"name": "rolesss", "status": "passed", "steps": [{"name": "verificar elemento roles", "status": "passed", "start": 1717923811352, "stop": 1717923811382}], "start": 1717923811323, "stop": 1717923811382}, {"name": "verificar boton + rol", "status": "passed", "steps": [{"name": "hacemos click", "status": "passed", "start": 1717923812427, "stop": 1717923815463}], "start": 1717923811382, "stop": 1717923815463}, {"name": "hacemos click en empresa y verificamos", "status": "broken", "statusDetails": {"message": "selenium.common.exceptions.TimeoutException: Message: \nStacktrace:\n\tGetHandleVerifier [0x00A3B8E3+45827]\n\t(No symbol) [0x009CDCC4]\n\t(No symbol) [0x008C150F]\n\t(No symbol) [0x009020BC]\n\t(No symbol) [0x0090216B]\n\t(No symbol) [0x0093E0F2]\n\t(No symbol) [0x00922E44]\n\t(No symbol) [0x0093C034]\n\t(No symbol) [0x00922B96]\n\t(No symbol) [0x008F6998]\n\t(No symbol) [0x008F751D]\n\tGetHandleVerifier [0x00CF4513+2899763]\n\tGetHandleVerifier [0x00D4793D+3240797]\n\tGetHandleVerifier [0x00AC13B4+593364]\n\tGetHandleVerifier [0x00AC82DC+621820]\n\t(No symbol) [0x009D70A4]\n\t(No symbol) [0x009D37A8]\n\t(No symbol) [0x009D3947]\n\t(No symbol) [0x009C59FE]\n\tBaseThreadInitThunk [0x75897D59+25]\n\tRtlInitializeExceptionChain [0x76F6B79B+107]\n\tRtlClearBits [0x76F6B71F+191]\n\n", "trace": "  File \"C:\\2024\\CetappGo\\autoTest\\Lib\\site-packages\\allure_commons\\_allure.py\", line 192, in impl\n    return func(*a, **kw)\n           ^^^^^^^^^^^^^^\n  File \"C:\\2024\\CetappGo\\pages\\abm_page.py\", line 67, in click_empresa_rol\n    WebDriverWait(self.driver, 10).until(\n  File \"C:\\2024\\CetappGo\\autoTest\\Lib\\site-packages\\selenium\\webdriver\\support\\wait.py\", line 105, in until\n    raise TimeoutException(message, screen, stacktrace)\n"}, "start": 1717923817463, "stop": 1717923827774}], "start": 1717923793134, "stop": 1717923827780}], "start": 1717923793134, "stop": 1717923827782, "uuid": "f9762119-7c5c-4aad-b559-a5568640e758", "historyId": "b6688147040a69111b5d40cfc44d4dc1", "testCaseId": "b6688147040a69111b5d40cfc44d4dc1", "fullName": "test.test_abm_roles.Test#test_rol_base", "labels": [{"name": "parentSuite", "value": "test"}, {"name": "suite", "value": "test_abm_roles"}, {"name": "subSuite", "value": "Test"}, {"name": "host", "value": "Familia"}, {"name": "thread", "value": "7876-MainThread"}, {"name": "framework", "value": "pytest"}, {"name": "language", "value": "cpython3"}, {"name": "package", "value": "test.test_abm_roles"}]}