{"name": "Validar creacion rol en Cetap", "status": "broken", "statusDetails": {"message": "selenium.common.exceptions.NoSuchElementException: Message: no such element: Unable to locate element: {\"method\":\"xpath\",\"selector\":\"//body/div[@id='app']/aside[@id='sidenav-main']/div[1]/div[1]/div[1]/div[1]/div[9]/div[1]/div[1]/a[1]\"}\n  (Session info: chrome=125.0.6422.142); For documentation on this error, please visit: https://www.selenium.dev/documentation/webdriver/troubleshooting/errors#no-such-element-exception\nStacktrace:\n\tGetHandleVerifier [0x00D2B8E3+45827]\n\t(No symbol) [0x00CBDCC4]\n\t(No symbol) [0x00BB150F]\n\t(No symbol) [0x00BF20BC]\n\t(No symbol) [0x00BF216B]\n\t(No symbol) [0x00C2E0F2]\n\t(No symbol) [0x00C12E44]\n\t(No symbol) [0x00C2C034]\n\t(No symbol) [0x00C12B96]\n\t(No symbol) [0x00BE6998]\n\t(No symbol) [0x00BE751D]\n\tGetHandleVerifier [0x00FE4513+2899763]\n\tGetHandleVerifier [0x0103793D+3240797]\n\tGetHandleVerifier [0x00DB13B4+593364]\n\tGetHandleVerifier [0x00DB82DC+621820]\n\t(No symbol) [0x00CC70A4]\n\t(No symbol) [0x00CC37A8]\n\t(No symbol) [0x00CC3947]\n\t(No symbol) [0x00CB59FE]\n\tBaseThreadInitThunk [0x75897D59+25]\n\tRtlInitializeExceptionChain [0x76F6B79B+107]\n\tRtlClearBits [0x76F6B71F+191]", "trace": "self = <test_nuevo_rol.Test object at 0x000001B89D739490>\n\n    @allure.title(\"Validar creacion rol en Cetap\")\n    @allure.description(\"Validar que se pueda crear rol nuevo\")\n    def test_crear_rol(self):\n        driver = self.driver\n        sleep(3)\n    \n        with allure.step(\"Iniciar sesion\"):\n            btn_iniciarse = driver.find_element(*self.btn_iniciar)\n            btn_iniciarse.click()\n            sleep(10)\n    \n        with allure.step(\"Validar que se muestre boton configuraciones\"):\n>           btn_configuraciones = driver.find_element(*self.btn_configuracion)\n\ntest\\test_nuevo_rol.py:53: \n_ _ _ _ _ _ _ _ _ _ _ _ _ _ _ _ _ _ _ _ _ _ _ _ _ _ _ _ _ _ _ _ _ _ _ _ _ _ _ _ _ _ _ _ _ _ _ _ _ _ _ _ _ _ _ _ _ _ _ _ _ _ _ _ _ _\nautoTest\\Lib\\site-packages\\selenium\\webdriver\\remote\\webdriver.py:741: in find_element\n    return self.execute(Command.FIND_ELEMENT, {\"using\": by, \"value\": value})[\"value\"]\nautoTest\\Lib\\site-packages\\selenium\\webdriver\\remote\\webdriver.py:347: in execute\n    self.error_handler.check_response(response)\n_ _ _ _ _ _ _ _ _ _ _ _ _ _ _ _ _ _ _ _ _ _ _ _ _ _ _ _ _ _ _ _ _ _ _ _ _ _ _ _ _ _ _ _ _ _ _ _ _ _ _ _ _ _ _ _ _ _ _ _ _ _ _ _ _ _\n\nself = <selenium.webdriver.remote.errorhandler.ErrorHandler object at 0x000001B8A13118B0>\nresponse = {'status': 404, 'value': '{\"value\":{\"error\":\"no such element\",\"message\":\"no such element: Unable to locate element: {\\...dInitThunk [0x75897D59+25]\\\\n\\\\tRtlInitializeExceptionChain [0x76F6B79B+107]\\\\n\\\\tRtlClearBits [0x76F6B71F+191]\\\\n\"}}'}\n\n    def check_response(self, response: Dict[str, Any]) -> None:\n        \"\"\"Checks that a JSON response from the WebDriver does not have an\n        error.\n    \n        :Args:\n         - response - The JSON response from the WebDriver server as a dictionary\n           object.\n    \n        :Raises: If the response contains an error message.\n        \"\"\"\n        status = response.get(\"status\", None)\n        if not status or status == ErrorCode.SUCCESS:\n            return\n        value = None\n        message = response.get(\"message\", \"\")\n        screen: str = response.get(\"screen\", \"\")\n        stacktrace = None\n        if isinstance(status, int):\n            value_json = response.get(\"value\", None)\n            if value_json and isinstance(value_json, str):\n                import json\n    \n                try:\n                    value = json.loads(value_json)\n                    if len(value) == 1:\n                        value = value[\"value\"]\n                    status = value.get(\"error\", None)\n                    if not status:\n                        status = value.get(\"status\", ErrorCode.UNKNOWN_ERROR)\n                        message = value.get(\"value\") or value.get(\"message\")\n                        if not isinstance(message, str):\n                            value = message\n                            message = message.get(\"message\")\n                    else:\n                        message = value.get(\"message\", None)\n                except ValueError:\n                    pass\n    \n        exception_class: Type[WebDriverException]\n        e = ErrorCode()\n        error_codes = [item for item in dir(e) if not item.startswith(\"__\")]\n        for error_code in error_codes:\n            error_info = getattr(ErrorCode, error_code)\n            if isinstance(error_info, list) and status in error_info:\n                exception_class = getattr(ExceptionMapping, error_code, WebDriverException)\n                break\n        else:\n            exception_class = WebDriverException\n    \n        if not value:\n            value = response[\"value\"]\n        if isinstance(value, str):\n            raise exception_class(value)\n        if message == \"\" and \"message\" in value:\n            message = value[\"message\"]\n    \n        screen = None  # type: ignore[assignment]\n        if \"screen\" in value:\n            screen = value[\"screen\"]\n    \n        stacktrace = None\n        st_value = value.get(\"stackTrace\") or value.get(\"stacktrace\")\n        if st_value:\n            if isinstance(st_value, str):\n                stacktrace = st_value.split(\"\\n\")\n            else:\n                stacktrace = []\n                try:\n                    for frame in st_value:\n                        line = frame.get(\"lineNumber\", \"\")\n                        file = frame.get(\"fileName\", \"<anonymous>\")\n                        if line:\n                            file = f\"{file}:{line}\"\n                        meth = frame.get(\"methodName\", \"<anonymous>\")\n                        if \"className\" in frame:\n                            meth = f\"{frame['className']}.{meth}\"\n                        msg = \"    at %s (%s)\"\n                        msg = msg % (meth, file)\n                        stacktrace.append(msg)\n                except TypeError:\n                    pass\n        if exception_class == UnexpectedAlertPresentException:\n            alert_text = None\n            if \"data\" in value:\n                alert_text = value[\"data\"].get(\"text\")\n            elif \"alert\" in value:\n                alert_text = value[\"alert\"].get(\"text\")\n            raise exception_class(message, screen, stacktrace, alert_text)  # type: ignore[call-arg]  # mypy is not smart enough here\n>       raise exception_class(message, screen, stacktrace)\nE       selenium.common.exceptions.NoSuchElementException: Message: no such element: Unable to locate element: {\"method\":\"xpath\",\"selector\":\"//body/div[@id='app']/aside[@id='sidenav-main']/div[1]/div[1]/div[1]/div[1]/div[9]/div[1]/div[1]/a[1]\"}\nE         (Session info: chrome=125.0.6422.142); For documentation on this error, please visit: https://www.selenium.dev/documentation/webdriver/troubleshooting/errors#no-such-element-exception\nE       Stacktrace:\nE       \tGetHandleVerifier [0x00D2B8E3+45827]\nE       \t(No symbol) [0x00CBDCC4]\nE       \t(No symbol) [0x00BB150F]\nE       \t(No symbol) [0x00BF20BC]\nE       \t(No symbol) [0x00BF216B]\nE       \t(No symbol) [0x00C2E0F2]\nE       \t(No symbol) [0x00C12E44]\nE       \t(No symbol) [0x00C2C034]\nE       \t(No symbol) [0x00C12B96]\nE       \t(No symbol) [0x00BE6998]\nE       \t(No symbol) [0x00BE751D]\nE       \tGetHandleVerifier [0x00FE4513+2899763]\nE       \tGetHandleVerifier [0x0103793D+3240797]\nE       \tGetHandleVerifier [0x00DB13B4+593364]\nE       \tGetHandleVerifier [0x00DB82DC+621820]\nE       \t(No symbol) [0x00CC70A4]\nE       \t(No symbol) [0x00CC37A8]\nE       \t(No symbol) [0x00CC3947]\nE       \t(No symbol) [0x00CB59FE]\nE       \tBaseThreadInitThunk [0x75897D59+25]\nE       \tRtlInitializeExceptionChain [0x76F6B79B+107]\nE       \tRtlClearBits [0x76F6B71F+191]\n\nautoTest\\Lib\\site-packages\\selenium\\webdriver\\remote\\errorhandler.py:229: NoSuchElementException"}, "description": "Validar que se pueda crear rol nuevo", "steps": [{"name": "Iniciar sesion", "status": "passed", "start": 1717907376499, "stop": 1717907386545}, {"name": "Validar que se muestre boton configuraciones", "status": "broken", "statusDetails": {"message": "selenium.common.exceptions.NoSuchElementException: Message: no such element: Unable to locate element: {\"method\":\"xpath\",\"selector\":\"//body/div[@id='app']/aside[@id='sidenav-main']/div[1]/div[1]/div[1]/div[1]/div[9]/div[1]/div[1]/a[1]\"}\n  (Session info: chrome=125.0.6422.142); For documentation on this error, please visit: https://www.selenium.dev/documentation/webdriver/troubleshooting/errors#no-such-element-exception\nStacktrace:\n\tGetHandleVerifier [0x00D2B8E3+45827]\n\t(No symbol) [0x00CBDCC4]\n\t(No symbol) [0x00BB150F]\n\t(No symbol) [0x00BF20BC]\n\t(No symbol) [0x00BF216B]\n\t(No symbol) [0x00C2E0F2]\n\t(No symbol) [0x00C12E44]\n\t(No symbol) [0x00C2C034]\n\t(No symbol) [0x00C12B96]\n\t(No symbol) [0x00BE6998]\n\t(No symbol) [0x00BE751D]\n\tGetHandleVerifier [0x00FE4513+2899763]\n\tGetHandleVerifier [0x0103793D+3240797]\n\tGetHandleVerifier [0x00DB13B4+593364]\n\tGetHandleVerifier [0x00DB82DC+621820]\n\t(No symbol) [0x00CC70A4]\n\t(No symbol) [0x00CC37A8]\n\t(No symbol) [0x00CC3947]\n\t(No symbol) [0x00CB59FE]\n\tBaseThreadInitThunk [0x75897D59+25]\n\tRtlInitializeExceptionChain [0x76F6B79B+107]\n\tRtlClearBits [0x76F6B71F+191]\n\n", "trace": "  File \"C:\\2024\\CetappGo\\test\\test_nuevo_rol.py\", line 53, in test_crear_rol\n    btn_configuraciones = driver.find_element(*self.btn_configuracion)\n                          ^^^^^^^^^^^^^^^^^^^^^^^^^^^^^^^^^^^^^^^^^^^^\n  File \"C:\\2024\\CetappGo\\autoTest\\Lib\\site-packages\\selenium\\webdriver\\remote\\webdriver.py\", line 741, in find_element\n    return self.execute(Command.FIND_ELEMENT, {\"using\": by, \"value\": value})[\"value\"]\n           ^^^^^^^^^^^^^^^^^^^^^^^^^^^^^^^^^^^^^^^^^^^^^^^^^^^^^^^^^^^^^^^^^\n  File \"C:\\2024\\CetappGo\\autoTest\\Lib\\site-packages\\selenium\\webdriver\\remote\\webdriver.py\", line 347, in execute\n    self.error_handler.check_response(response)\n  File \"C:\\2024\\CetappGo\\autoTest\\Lib\\site-packages\\selenium\\webdriver\\remote\\errorhandler.py\", line 229, in check_response\n    raise exception_class(message, screen, stacktrace)\n"}, "start": 1717907386545, "stop": 1717907386559}], "start": 1717907373498, "stop": 1717907386562, "uuid": "34676264-f7a2-4e12-aa1d-7c52d646be3c", "historyId": "54d02afb3d1aaa03ee86977050a592af", "testCaseId": "54d02afb3d1aaa03ee86977050a592af", "fullName": "test.test_nuevo_rol.Test#test_crear_rol", "labels": [{"name": "parentSuite", "value": "test"}, {"name": "suite", "value": "test_nuevo_rol"}, {"name": "subSuite", "value": "Test"}, {"name": "host", "value": "Familia"}, {"name": "thread", "value": "24808-MainThread"}, {"name": "framework", "value": "pytest"}, {"name": "language", "value": "cpython3"}, {"name": "package", "value": "test.test_nuevo_rol"}]}