{"name": "Validar ABM rol base", "status": "broken", "statusDetails": {"message": "selenium.common.exceptions.TimeoutException: Message: \nStacktrace:\nBacktrace:\n\tGetHandleVerifier [0x003EA813+48355]\n\t(No symbol) [0x0037C4B1]\n\t(No symbol) [0x00285358]\n\t(No symbol) [0x002B09A5]\n\t(No symbol) [0x002B0B3B]\n\t(No symbol) [0x002DE232]\n\t(No symbol) [0x002CA784]\n\t(No symbol) [0x002DC922]\n\t(No symbol) [0x002CA536]\n\t(No symbol) [0x002A82DC]\n\t(No symbol) [0x002A93DD]\n\tGetHandleVerifier [0x0064AABD+2539405]\n\tGetHandleVerifier [0x0068A78F+2800735]\n\tGetHandleVerifier [0x0068456C+2775612]\n\tGetHandleVerifier [0x004751E0+616112]\n\t(No symbol) [0x00385F8C]\n\t(No symbol) [0x00382328]\n\t(No symbol) [0x0038240B]\n\t(No symbol) [0x00374FF7]\n\tBaseThreadInitThunk [0x76757BA9+25]\n\tRtlInitializeExceptionChain [0x77ABC10B+107]\n\tRtlClearBits [0x77ABC08F+191]", "trace": "self = <test_alta_incidente.Test object at 0x0000022FE1415550>\n\n    @allure.title(\"Validar ABM rol base\")\n    @allure.description(\"Validar configuracion de rol base\")\n    def test_rol_base(self):\n    \n        with allure.step(\"nos dirigimos a configuraciones\"):\n            driver = self.driver\n            sleep(3)\n            usuario_pages = usuariPages(driver)\n            incidentes_pagess = IncidentePage(driver)\n            usuario_pages.usuario1()\n            usuario_pages.ingresar_contraseÃ±a1()\n            usuario_pages.iniciar11()\n            sleep(3)\n            incidentes_pagess.click_incidente()\n            incidentes_pagess.Titulo()\n            sleep(3)\n            incidentes_pagess.nuevoIncidente()\n            incidentes_pagess.nuevaPlantilla()\n            sleep(2)\n            incidentes_pagess.seleccionPlantilla()\n            sleep(2)\n            incidentes_pagess.nuevaestablecimiento()\n            sleep(2)\n            incidentes_pagess.seleccionestablecimiento()\n            sleep(3)\n            incidentes_pagess.area()\n            incidentes_pagess.nuevaArea()\n            incidentes_pagess.tipoIncidente()\n            incidentes_pagess.seleccionTipoIncidente()\n            incidentes_pagess.fecha_Ocurrencia()\n>           incidentes_pagess.colocar_hora()\n\ntest\\test_alta_incidente.py:58: \n_ _ _ _ _ _ _ _ _ _ _ _ _ _ _ _ _ _ _ _ _ _ _ _ _ _ _ _ _ _ _ _ _ _ _ _ _ _ _ _ _ _ _ _ _ _ _ _ _ _ _ _ _ _ _ _ _ _ _ _ _ _ _ _ _ _ _ _ _ _ _ _ \npages\\incidente_pages.py:173: in colocar_hora\n    minutos = WebDriverWait(self.driver, 10).until(\n_ _ _ _ _ _ _ _ _ _ _ _ _ _ _ _ _ _ _ _ _ _ _ _ _ _ _ _ _ _ _ _ _ _ _ _ _ _ _ _ _ _ _ _ _ _ _ _ _ _ _ _ _ _ _ _ _ _ _ _ _ _ _ _ _ _ _ _ _ _ _ _ \n\nself = <selenium.webdriver.support.wait.WebDriverWait (session=\"2d007fc9ba5fedcb7c039fbcd1672895\")>\nmethod = <function visibility_of_element_located.<locals>._predicate at 0x0000022FE3FEE7A0>, message = ''\n\n    def until(self, method: Callable[[D], Union[Literal[False], T]], message: str = \"\") -> T:\n        \"\"\"Calls the method provided with the driver as an argument until the \\\n        return value does not evaluate to ``False``.\n    \n        :param method: callable(WebDriver)\n        :param message: optional message for :exc:`TimeoutException`\n        :returns: the result of the last call to `method`\n        :raises: :exc:`selenium.common.exceptions.TimeoutException` if timeout occurs\n        \"\"\"\n        screen = None\n        stacktrace = None\n    \n        end_time = time.monotonic() + self._timeout\n        while True:\n            try:\n                value = method(self._driver)\n                if value:\n                    return value\n            except self._ignored_exceptions as exc:\n                screen = getattr(exc, \"screen\", None)\n                stacktrace = getattr(exc, \"stacktrace\", None)\n            time.sleep(self._poll)\n            if time.monotonic() > end_time:\n                break\n>       raise TimeoutException(message, screen, stacktrace)\nE       selenium.common.exceptions.TimeoutException: Message: \nE       Stacktrace:\nE       Backtrace:\nE       \tGetHandleVerifier [0x003EA813+48355]\nE       \t(No symbol) [0x0037C4B1]\nE       \t(No symbol) [0x00285358]\nE       \t(No symbol) [0x002B09A5]\nE       \t(No symbol) [0x002B0B3B]\nE       \t(No symbol) [0x002DE232]\nE       \t(No symbol) [0x002CA784]\nE       \t(No symbol) [0x002DC922]\nE       \t(No symbol) [0x002CA536]\nE       \t(No symbol) [0x002A82DC]\nE       \t(No symbol) [0x002A93DD]\nE       \tGetHandleVerifier [0x0064AABD+2539405]\nE       \tGetHandleVerifier [0x0068A78F+2800735]\nE       \tGetHandleVerifier [0x0068456C+2775612]\nE       \tGetHandleVerifier [0x004751E0+616112]\nE       \t(No symbol) [0x00385F8C]\nE       \t(No symbol) [0x00382328]\nE       \t(No symbol) [0x0038240B]\nE       \t(No symbol) [0x00374FF7]\nE       \tBaseThreadInitThunk [0x76757BA9+25]\nE       \tRtlInitializeExceptionChain [0x77ABC10B+107]\nE       \tRtlClearBits [0x77ABC08F+191]\n\nautoTest\\Lib\\site-packages\\selenium\\webdriver\\support\\wait.py:105: TimeoutException"}, "description": "Validar configuracion de rol base", "steps": [{"name": "nos dirigimos a configuraciones", "status": "broken", "statusDetails": {"message": "selenium.common.exceptions.TimeoutException: Message: \nStacktrace:\nBacktrace:\n\tGetHandleVerifier [0x003EA813+48355]\n\t(No symbol) [0x0037C4B1]\n\t(No symbol) [0x00285358]\n\t(No symbol) [0x002B09A5]\n\t(No symbol) [0x002B0B3B]\n\t(No symbol) [0x002DE232]\n\t(No symbol) [0x002CA784]\n\t(No symbol) [0x002DC922]\n\t(No symbol) [0x002CA536]\n\t(No symbol) [0x002A82DC]\n\t(No symbol) [0x002A93DD]\n\tGetHandleVerifier [0x0064AABD+2539405]\n\tGetHandleVerifier [0x0068A78F+2800735]\n\tGetHandleVerifier [0x0068456C+2775612]\n\tGetHandleVerifier [0x004751E0+616112]\n\t(No symbol) [0x00385F8C]\n\t(No symbol) [0x00382328]\n\t(No symbol) [0x0038240B]\n\t(No symbol) [0x00374FF7]\n\tBaseThreadInitThunk [0x76757BA9+25]\n\tRtlInitializeExceptionChain [0x77ABC10B+107]\n\tRtlClearBits [0x77ABC08F+191]\n\n", "trace": "  File \"C:\\2024\\CetappGo\\test\\test_alta_incidente.py\", line 58, in test_rol_base\n    incidentes_pagess.colocar_hora()\n  File \"C:\\2024\\CetappGo\\autoTest\\Lib\\site-packages\\allure_commons\\_allure.py\", line 192, in impl\n    return func(*a, **kw)\n           ^^^^^^^^^^^^^^\n  File \"C:\\2024\\CetappGo\\pages\\incidente_pages.py\", line 173, in colocar_hora\n    minutos = WebDriverWait(self.driver, 10).until(\n              ^^^^^^^^^^^^^^^^^^^^^^^^^^^^^^^^^^^^^\n  File \"C:\\2024\\CetappGo\\autoTest\\Lib\\site-packages\\selenium\\webdriver\\support\\wait.py\", line 105, in until\n    raise TimeoutException(message, screen, stacktrace)\n"}, "steps": [{"name": "Usuarioss", "status": "passed", "steps": [{"name": "verificar que se muestre el elmento", "status": "passed", "start": 1726013379711, "stop": 1726013381834}], "start": 1726013379650, "stop": 1726013381834}, {"name": "password", "status": "passed", "steps": [{"name": "verificar que se muestre el elmento", "status": "passed", "start": 1726013381878, "stop": 1726013384060}], "start": 1726013381834, "stop": 1726013384060}, {"name": "iniciar", "status": "passed", "steps": [{"name": "click en iniciar", "status": "passed", "start": 1726013384092, "stop": 1726013384192}], "start": 1726013384060, "stop": 1726013384192}, {"name": "boton incidente menu lateral", "status": "passed", "steps": [{"name": "verificar que se muestre el elmento", "status": "passed", "start": 1726013387774, "stop": 1726013388064}], "start": 1726013387193, "stop": 1726013388064}, {"name": "Verificacion Pantalla Incidentes", "status": "passed", "steps": [{"name": "verificar que se muestre el elmento", "status": "passed", "start": 1726013389197, "stop": 1726013389209}], "start": 1726013388065, "stop": 1726013389209}, {"name": "Boton nuevo incidente", "status": "passed", "steps": [{"name": "verificar que se muestre el elmento", "status": "passed", "start": 1726013392238, "stop": 1726013392323}], "start": 1726013392210, "stop": 1726013392323}, {"name": "campo plantilla", "status": "passed", "steps": [{"name": "verificar que se muestre el elmento", "status": "passed", "start": 1726013394987, "stop": 1726013395080}], "start": 1726013392323, "stop": 1726013395080}, {"name": "seleccion de plantilla", "status": "passed", "steps": [{"name": "verificar que se muestre el elmento", "status": "passed", "start": 1726013397104, "stop": 1726013397295}], "start": 1726013397081, "stop": 1726013397295}, {"name": "campo establecimiento", "status": "passed", "steps": [{"name": "verificar que se muestre el elmento", "status": "passed", "start": 1726013399326, "stop": 1726013399387}], "start": 1726013399297, "stop": 1726013399387}, {"name": "seleccion establecimiento", "status": "passed", "steps": [{"name": "verificar que se muestre el elmento", "status": "passed", "start": 1726013401409, "stop": 1726013401471}], "start": 1726013401388, "stop": 1726013401471}, {"name": "campo area", "status": "passed", "steps": [{"name": "verificar que se muestre el elmento", "status": "passed", "start": 1726013404492, "stop": 1726013404541}], "start": 1726013404472, "stop": 1726013404541}, {"name": "seleccion area", "status": "passed", "steps": [{"name": "verificar que se muestre el elmento", "status": "passed", "start": 1726013405079, "stop": 1726013405139}], "start": 1726013404541, "stop": 1726013405139}, {"name": "campo Tipo Incidente", "status": "passed", "steps": [{"name": "verificar que se muestre el elmento", "status": "passed", "start": 1726013405164, "stop": 1726013405227}], "start": 1726013405139, "stop": 1726013405227}, {"name": "Seleccion Tipo Incidente", "status": "passed", "steps": [{"name": "verificar que se muestre el elmento", "status": "passed", "start": 1726013405780, "stop": 1726013405859}], "start": 1726013405228, "stop": 1726013405859}, {"name": "campo Fecha y Hora de Ocurrencia", "status": "passed", "steps": [{"name": "verificar que se muestre el elmento", "status": "passed", "start": 1726013405890, "stop": 1726013406029}], "start": 1726013405859, "stop": 1726013406029}, {"name": "campo calendario", "status": "broken", "statusDetails": {"message": "selenium.common.exceptions.TimeoutException: Message: \nStacktrace:\nBacktrace:\n\tGetHandleVerifier [0x003EA813+48355]\n\t(No symbol) [0x0037C4B1]\n\t(No symbol) [0x00285358]\n\t(No symbol) [0x002B09A5]\n\t(No symbol) [0x002B0B3B]\n\t(No symbol) [0x002DE232]\n\t(No symbol) [0x002CA784]\n\t(No symbol) [0x002DC922]\n\t(No symbol) [0x002CA536]\n\t(No symbol) [0x002A82DC]\n\t(No symbol) [0x002A93DD]\n\tGetHandleVerifier [0x0064AABD+2539405]\n\tGetHandleVerifier [0x0068A78F+2800735]\n\tGetHandleVerifier [0x0068456C+2775612]\n\tGetHandleVerifier [0x004751E0+616112]\n\t(No symbol) [0x00385F8C]\n\t(No symbol) [0x00382328]\n\t(No symbol) [0x0038240B]\n\t(No symbol) [0x00374FF7]\n\tBaseThreadInitThunk [0x76757BA9+25]\n\tRtlInitializeExceptionChain [0x77ABC10B+107]\n\tRtlClearBits [0x77ABC08F+191]\n\n", "trace": "  File \"C:\\2024\\CetappGo\\autoTest\\Lib\\site-packages\\allure_commons\\_allure.py\", line 192, in impl\n    return func(*a, **kw)\n           ^^^^^^^^^^^^^^\n  File \"C:\\2024\\CetappGo\\pages\\incidente_pages.py\", line 173, in colocar_hora\n    minutos = WebDriverWait(self.driver, 10).until(\n              ^^^^^^^^^^^^^^^^^^^^^^^^^^^^^^^^^^^^^\n  File \"C:\\2024\\CetappGo\\autoTest\\Lib\\site-packages\\selenium\\webdriver\\support\\wait.py\", line 105, in until\n    raise TimeoutException(message, screen, stacktrace)\n"}, "start": 1726013406030, "stop": 1726013416302}], "start": 1726013376649, "stop": 1726013416306}], "start": 1726013376649, "stop": 1726013416307, "uuid": "9d3058ac-b92b-45d4-aea4-053bcae8f847", "historyId": "c5b1b16bfdfa1ebc110bd15bc078d145", "testCaseId": "c5b1b16bfdfa1ebc110bd15bc078d145", "fullName": "test.test_alta_incidente.Test#test_rol_base", "labels": [{"name": "parentSuite", "value": "test"}, {"name": "suite", "value": "test_alta_incidente"}, {"name": "subSuite", "value": "Test"}, {"name": "host", "value": "Familia"}, {"name": "thread", "value": "27100-MainThread"}, {"name": "framework", "value": "pytest"}, {"name": "language", "value": "cpython3"}, {"name": "package", "value": "test.test_alta_incidente"}]}