{"name": "Validar búsqueda en Cetap", "status": "broken", "statusDetails": {"message": "selenium.common.exceptions.NoSuchElementException: Message: no such element: Unable to locate element: {\"method\":\"xpath\",\"selector\":\"//body/div[@id='app']/main[@id='mainSection']/div[@id='main-section']/div[1]/div[1]/div[1]/div[1]/a[3]/div[1]\"}\n  (Session info: chrome=125.0.6422.142); For documentation on this error, please visit: https://www.selenium.dev/documentation/webdriver/troubleshooting/errors#no-such-element-exception\nStacktrace:\n\tGetHandleVerifier [0x00CDB8E3+45827]\n\t(No symbol) [0x00C6DCC4]\n\t(No symbol) [0x00B6150F]\n\t(No symbol) [0x00BA20BC]\n\t(No symbol) [0x00BA216B]\n\t(No symbol) [0x00BDE0F2]\n\t(No symbol) [0x00BC2E44]\n\t(No symbol) [0x00BDC034]\n\t(No symbol) [0x00BC2B96]\n\t(No symbol) [0x00B96998]\n\t(No symbol) [0x00B9751D]\n\tGetHandleVerifier [0x00F94513+2899763]\n\tGetHandleVerifier [0x00FE793D+3240797]\n\tGetHandleVerifier [0x00D613B4+593364]\n\tGetHandleVerifier [0x00D682DC+621820]\n\t(No symbol) [0x00C770A4]\n\t(No symbol) [0x00C737A8]\n\t(No symbol) [0x00C73947]\n\t(No symbol) [0x00C659FE]\n\tBaseThreadInitThunk [0x75897D59+25]\n\tRtlInitializeExceptionChain [0x76F6B79B+107]\n\tRtlClearBits [0x76F6B71F+191]", "trace": "self = <test_nuevo_rol.Test object at 0x000001CF45574B00>\n\n    @allure.title(\"Validar búsqueda en Cetap\")\n    @allure.description(\"Validar configuracion\")\n    def test_rol(self):\n        driver = self.driver\n        sleep(3)\n    \n        with allure.step(\"Ingresar el texto en el campo usuario\"):\n            driver.get(\"https://cetappgowebtest.z20.web.core.windows.net/\")\n            btn_usuarios = driver.find_element(*self.btn_usuario)\n            btn_usuarios.click()\n            btn_usuarios.send_keys(\"superusuario\")\n            sleep(2)\n    \n        with allure.step(\"Ingresar el texto en el campo contraseña\"):\n            btn_contraseñas = driver.find_element(*self.btn_contraseña)\n            btn_contraseñas.click()\n            btn_contraseñas.send_keys(\"Cetap!2017\")\n            sleep(2)\n    \n        with allure.step(\"Iniciar sesion\"):\n            btn_iniciarse = driver.find_element(*self.btn_iniciar)\n            btn_iniciarse.click()\n            sleep(10)\n    \n        with allure.step(\"Validar que se muestre boton configuraciones\"):\n            btn_configuraciones = driver.find_element(*self.btn_configuracion)\n            assert btn_configuraciones.is_displayed()\n            btn_configuraciones.click()\n            sleep(5)\n    \n        with allure.step(\"generales\"):\n            generales = driver.find_element(*self.btn_generales)\n            generales.click()\n            sleep(5)\n    \n        with allure.step(\"roles\"):\n>           caja_roles = driver.find_element(*self.roles)\n\ntest\\test_nuevo_rol.py:79: \n_ _ _ _ _ _ _ _ _ _ _ _ _ _ _ _ _ _ _ _ _ _ _ _ _ _ _ _ _ _ _ _ _ _ _ _ _ _ _ _ _ _ _ _ _ _ _ _ _ _ _ _ _ _ _ _ _ _ _ _ _ _ _ _ _ _\nautoTest\\Lib\\site-packages\\selenium\\webdriver\\remote\\webdriver.py:741: in find_element\n    return self.execute(Command.FIND_ELEMENT, {\"using\": by, \"value\": value})[\"value\"]\nautoTest\\Lib\\site-packages\\selenium\\webdriver\\remote\\webdriver.py:347: in execute\n    self.error_handler.check_response(response)\n_ _ _ _ _ _ _ _ _ _ _ _ _ _ _ _ _ _ _ _ _ _ _ _ _ _ _ _ _ _ _ _ _ _ _ _ _ _ _ _ _ _ _ _ _ _ _ _ _ _ _ _ _ _ _ _ _ _ _ _ _ _ _ _ _ _\n\nself = <selenium.webdriver.remote.errorhandler.ErrorHandler object at 0x000001CF45363E90>\nresponse = {'status': 404, 'value': '{\"value\":{\"error\":\"no such element\",\"message\":\"no such element: Unable to locate element: {\\...dInitThunk [0x75897D59+25]\\\\n\\\\tRtlInitializeExceptionChain [0x76F6B79B+107]\\\\n\\\\tRtlClearBits [0x76F6B71F+191]\\\\n\"}}'}\n\n    def check_response(self, response: Dict[str, Any]) -> None:\n        \"\"\"Checks that a JSON response from the WebDriver does not have an\n        error.\n    \n        :Args:\n         - response - The JSON response from the WebDriver server as a dictionary\n           object.\n    \n        :Raises: If the response contains an error message.\n        \"\"\"\n        status = response.get(\"status\", None)\n        if not status or status == ErrorCode.SUCCESS:\n            return\n        value = None\n        message = response.get(\"message\", \"\")\n        screen: str = response.get(\"screen\", \"\")\n        stacktrace = None\n        if isinstance(status, int):\n            value_json = response.get(\"value\", None)\n            if value_json and isinstance(value_json, str):\n                import json\n    \n                try:\n                    value = json.loads(value_json)\n                    if len(value) == 1:\n                        value = value[\"value\"]\n                    status = value.get(\"error\", None)\n                    if not status:\n                        status = value.get(\"status\", ErrorCode.UNKNOWN_ERROR)\n                        message = value.get(\"value\") or value.get(\"message\")\n                        if not isinstance(message, str):\n                            value = message\n                            message = message.get(\"message\")\n                    else:\n                        message = value.get(\"message\", None)\n                except ValueError:\n                    pass\n    \n        exception_class: Type[WebDriverException]\n        e = ErrorCode()\n        error_codes = [item for item in dir(e) if not item.startswith(\"__\")]\n        for error_code in error_codes:\n            error_info = getattr(ErrorCode, error_code)\n            if isinstance(error_info, list) and status in error_info:\n                exception_class = getattr(ExceptionMapping, error_code, WebDriverException)\n                break\n        else:\n            exception_class = WebDriverException\n    \n        if not value:\n            value = response[\"value\"]\n        if isinstance(value, str):\n            raise exception_class(value)\n        if message == \"\" and \"message\" in value:\n            message = value[\"message\"]\n    \n        screen = None  # type: ignore[assignment]\n        if \"screen\" in value:\n            screen = value[\"screen\"]\n    \n        stacktrace = None\n        st_value = value.get(\"stackTrace\") or value.get(\"stacktrace\")\n        if st_value:\n            if isinstance(st_value, str):\n                stacktrace = st_value.split(\"\\n\")\n            else:\n                stacktrace = []\n                try:\n                    for frame in st_value:\n                        line = frame.get(\"lineNumber\", \"\")\n                        file = frame.get(\"fileName\", \"<anonymous>\")\n                        if line:\n                            file = f\"{file}:{line}\"\n                        meth = frame.get(\"methodName\", \"<anonymous>\")\n                        if \"className\" in frame:\n                            meth = f\"{frame['className']}.{meth}\"\n                        msg = \"    at %s (%s)\"\n                        msg = msg % (meth, file)\n                        stacktrace.append(msg)\n                except TypeError:\n                    pass\n        if exception_class == UnexpectedAlertPresentException:\n            alert_text = None\n            if \"data\" in value:\n                alert_text = value[\"data\"].get(\"text\")\n            elif \"alert\" in value:\n                alert_text = value[\"alert\"].get(\"text\")\n            raise exception_class(message, screen, stacktrace, alert_text)  # type: ignore[call-arg]  # mypy is not smart enough here\n>       raise exception_class(message, screen, stacktrace)\nE       selenium.common.exceptions.NoSuchElementException: Message: no such element: Unable to locate element: {\"method\":\"xpath\",\"selector\":\"//body/div[@id='app']/main[@id='mainSection']/div[@id='main-section']/div[1]/div[1]/div[1]/div[1]/a[3]/div[1]\"}\nE         (Session info: chrome=125.0.6422.142); For documentation on this error, please visit: https://www.selenium.dev/documentation/webdriver/troubleshooting/errors#no-such-element-exception\nE       Stacktrace:\nE       \tGetHandleVerifier [0x00CDB8E3+45827]\nE       \t(No symbol) [0x00C6DCC4]\nE       \t(No symbol) [0x00B6150F]\nE       \t(No symbol) [0x00BA20BC]\nE       \t(No symbol) [0x00BA216B]\nE       \t(No symbol) [0x00BDE0F2]\nE       \t(No symbol) [0x00BC2E44]\nE       \t(No symbol) [0x00BDC034]\nE       \t(No symbol) [0x00BC2B96]\nE       \t(No symbol) [0x00B96998]\nE       \t(No symbol) [0x00B9751D]\nE       \tGetHandleVerifier [0x00F94513+2899763]\nE       \tGetHandleVerifier [0x00FE793D+3240797]\nE       \tGetHandleVerifier [0x00D613B4+593364]\nE       \tGetHandleVerifier [0x00D682DC+621820]\nE       \t(No symbol) [0x00C770A4]\nE       \t(No symbol) [0x00C737A8]\nE       \t(No symbol) [0x00C73947]\nE       \t(No symbol) [0x00C659FE]\nE       \tBaseThreadInitThunk [0x75897D59+25]\nE       \tRtlInitializeExceptionChain [0x76F6B79B+107]\nE       \tRtlClearBits [0x76F6B71F+191]\n\nautoTest\\Lib\\site-packages\\selenium\\webdriver\\remote\\errorhandler.py:229: NoSuchElementException"}, "description": "Validar configuracion", "steps": [{"name": "Ingresar el texto en el campo usuario", "status": "passed", "start": 1717908437275, "stop": 1717908439466}, {"name": "Ingresar el texto en el campo contraseña", "status": "passed", "start": 1717908439466, "stop": 1717908441535}, {"name": "Iniciar sesion", "status": "passed", "start": 1717908441535, "stop": 1717908451592}, {"name": "Validar que se muestre boton configuraciones", "status": "passed", "start": 1717908451592, "stop": 1717908456655}, {"name": "generales", "status": "passed", "start": 1717908456655, "stop": 1717908461713}, {"name": "roles", "status": "broken", "statusDetails": {"message": "selenium.common.exceptions.NoSuchElementException: Message: no such element: Unable to locate element: {\"method\":\"xpath\",\"selector\":\"//body/div[@id='app']/main[@id='mainSection']/div[@id='main-section']/div[1]/div[1]/div[1]/div[1]/a[3]/div[1]\"}\n  (Session info: chrome=125.0.6422.142); For documentation on this error, please visit: https://www.selenium.dev/documentation/webdriver/troubleshooting/errors#no-such-element-exception\nStacktrace:\n\tGetHandleVerifier [0x00CDB8E3+45827]\n\t(No symbol) [0x00C6DCC4]\n\t(No symbol) [0x00B6150F]\n\t(No symbol) [0x00BA20BC]\n\t(No symbol) [0x00BA216B]\n\t(No symbol) [0x00BDE0F2]\n\t(No symbol) [0x00BC2E44]\n\t(No symbol) [0x00BDC034]\n\t(No symbol) [0x00BC2B96]\n\t(No symbol) [0x00B96998]\n\t(No symbol) [0x00B9751D]\n\tGetHandleVerifier [0x00F94513+2899763]\n\tGetHandleVerifier [0x00FE793D+3240797]\n\tGetHandleVerifier [0x00D613B4+593364]\n\tGetHandleVerifier [0x00D682DC+621820]\n\t(No symbol) [0x00C770A4]\n\t(No symbol) [0x00C737A8]\n\t(No symbol) [0x00C73947]\n\t(No symbol) [0x00C659FE]\n\tBaseThreadInitThunk [0x75897D59+25]\n\tRtlInitializeExceptionChain [0x76F6B79B+107]\n\tRtlClearBits [0x76F6B71F+191]\n\n", "trace": "  File \"C:\\2024\\CetappGo\\test\\test_nuevo_rol.py\", line 79, in test_rol\n    caja_roles = driver.find_element(*self.roles)\n                 ^^^^^^^^^^^^^^^^^^^^^^^^^^^^^^^^\n  File \"C:\\2024\\CetappGo\\autoTest\\Lib\\site-packages\\selenium\\webdriver\\remote\\webdriver.py\", line 741, in find_element\n    return self.execute(Command.FIND_ELEMENT, {\"using\": by, \"value\": value})[\"value\"]\n           ^^^^^^^^^^^^^^^^^^^^^^^^^^^^^^^^^^^^^^^^^^^^^^^^^^^^^^^^^^^^^^^^^\n  File \"C:\\2024\\CetappGo\\autoTest\\Lib\\site-packages\\selenium\\webdriver\\remote\\webdriver.py\", line 347, in execute\n    self.error_handler.check_response(response)\n  File \"C:\\2024\\CetappGo\\autoTest\\Lib\\site-packages\\selenium\\webdriver\\remote\\errorhandler.py\", line 229, in check_response\n    raise exception_class(message, screen, stacktrace)\n"}, "start": 1717908461713, "stop": 1717908461725}], "start": 1717908434274, "stop": 1717908461729, "uuid": "2efcf30e-7736-4508-83d8-1036a01ba423", "historyId": "0ba8c326f0c9c0937cb4004575e197f7", "testCaseId": "0ba8c326f0c9c0937cb4004575e197f7", "fullName": "test.test_nuevo_rol.Test#test_rol", "labels": [{"name": "parentSuite", "value": "test"}, {"name": "suite", "value": "test_nuevo_rol"}, {"name": "subSuite", "value": "Test"}, {"name": "host", "value": "Familia"}, {"name": "thread", "value": "24408-MainThread"}, {"name": "framework", "value": "pytest"}, {"name": "language", "value": "cpython3"}, {"name": "package", "value": "test.test_nuevo_rol"}]}